This is pdfTeX, Version 3.141592653-2.6-1.40.24 (TeX Live 2022) (preloaded format=pdflatex 2022.10.26)  22 FEB 2024 08:34
entering extended mode
 restricted \write18 enabled.
 file:line:error style messages enabled.
 %&-line parsing enabled.
**book.tex
(./book.tex
LaTeX2e <2021-11-15> patch level 1
L3 programming layer <2022-02-24>
(/usr/local/texlive/2022/texmf-dist/tex/latex/base/book.cls
Document Class: book 2021/10/04 v1.4n Standard LaTeX document class
(/usr/local/texlive/2022/texmf-dist/tex/latex/base/bk10.clo
File: bk10.clo 2021/10/04 v1.4n Standard LaTeX file (size option)
)
\c@part=\count185
\c@chapter=\count186
\c@section=\count187
\c@subsection=\count188
\c@subsubsection=\count189
\c@paragraph=\count190
\c@subparagraph=\count191
\c@figure=\count192
\c@table=\count193
\abovecaptionskip=\skip47
\belowcaptionskip=\skip48
\bibindent=\dimen138
)
(/usr/local/texlive/2022/texmf-dist/tex/latex/graphics/graphicx.sty
Package: graphicx 2021/09/16 v1.2d Enhanced LaTeX Graphics (DPC,SPQR)

(/usr/local/texlive/2022/texmf-dist/tex/latex/graphics/keyval.sty
Package: keyval 2014/10/28 v1.15 key=value parser (DPC)
\KV@toks@=\toks16
)
(/usr/local/texlive/2022/texmf-dist/tex/latex/graphics/graphics.sty
Package: graphics 2021/03/04 v1.4d Standard LaTeX Graphics (DPC,SPQR)

(/usr/local/texlive/2022/texmf-dist/tex/latex/graphics/trig.sty
Package: trig 2021/08/11 v1.11 sin cos tan (DPC)
)
(/usr/local/texlive/2022/texmf-dist/tex/latex/graphics-cfg/graphics.cfg
File: graphics.cfg 2016/06/04 v1.11 sample graphics configuration
)
Package graphics Info: Driver file: pdftex.def on input line 107.

(/usr/local/texlive/2022/texmf-dist/tex/latex/graphics-def/pdftex.def
File: pdftex.def 2020/10/05 v1.2a Graphics/color driver for pdftex
))
\Gin@req@height=\dimen139
\Gin@req@width=\dimen140
)
(/usr/local/texlive/2022/texmf-dist/tex/latex/base/fontenc.sty
Package: fontenc 2021/04/29 v2.0v Standard LaTeX package
)
(/usr/local/texlive/2022/texmf-dist/tex/latex/psnfss/times.sty
Package: times 2020/03/25 PSNFSS-v9.3 (SPQR) 
)
(/usr/local/texlive/2022/texmf-dist/tex/latex/fancyvrb/fancyvrb.sty
Package: fancyvrb 2021/12/21 4.1b verbatim text (tvz,hv)
\FV@CodeLineNo=\count194
\FV@InFile=\read2
\FV@TabBox=\box50
\c@FancyVerbLine=\count195
\FV@StepNumber=\count196
\FV@OutFile=\write3
)
(/usr/local/texlive/2022/texmf-dist/tex/latex/fancyhdr/fancyhdr.sty
Package: fancyhdr 2021/01/28 v4.0.1 Extensive control of page headers and foote
rs
\f@nch@headwidth=\skip49
\f@nch@O@elh=\skip50
\f@nch@O@erh=\skip51
\f@nch@O@olh=\skip52
\f@nch@O@orh=\skip53
\f@nch@O@elf=\skip54
\f@nch@O@erf=\skip55
\f@nch@O@olf=\skip56
\f@nch@O@orf=\skip57
)
(/usr/local/texlive/2022/texmf-dist/tex/latex/base/ifthen.sty
Package: ifthen 2020/11/24 v1.1c Standard LaTeX ifthen package (DPC)
)
(/usr/local/texlive/2022/texmf-dist/tex/latex/tools/calc.sty
Package: calc 2017/05/25 v4.3 Infix arithmetic (KKT,FJ)
\calc@Acount=\count197
\calc@Bcount=\count198
\calc@Adimen=\dimen141
\calc@Bdimen=\dimen142
\calc@Askip=\skip58
\calc@Bskip=\skip59
LaTeX Info: Redefining \setlength on input line 80.
LaTeX Info: Redefining \addtolength on input line 81.
\calc@Ccount=\count199
\calc@Cskip=\skip60
)
(/usr/local/texlive/2022/texmf-dist/tex/latex/wrapfig/wrapfig.sty
\wrapoverhang=\dimen143
\WF@size=\dimen144
\c@WF@wrappedlines=\count266
\WF@box=\box51
\WF@everypar=\toks17
Package: wrapfig 2003/01/31  v 3.6
)
(/usr/local/texlive/2022/texmf-dist/tex/latex/algorithmicx/algpseudocode.sty
Package: algpseudocode 

(/usr/local/texlive/2022/texmf-dist/tex/latex/algorithmicx/algorithmicx.sty
Package: algorithmicx 2005/04/27 v1.2 Algorithmicx

Document Style algorithmicx 1.2 - a greatly improved `algorithmic' style
\c@ALG@line=\count267
\c@ALG@rem=\count268
\c@ALG@nested=\count269
\ALG@tlm=\skip61
\ALG@thistlm=\skip62
\c@ALG@Lnr=\count270
\c@ALG@blocknr=\count271
\c@ALG@storecount=\count272
\c@ALG@tmpcounter=\count273
\ALG@tmplength=\skip63
)
Document Style - pseudocode environments for use with the `algorithmicx' style
) (/usr/local/texlive/2022/texmf-dist/tex/latex/colortbl/colortbl.sty
Package: colortbl 2020/01/04 v1.0e Color table columns (DPC)

(/usr/local/texlive/2022/texmf-dist/tex/latex/tools/array.sty
Package: array 2021/10/04 v2.5f Tabular extension package (FMi)
\col@sep=\dimen145
\ar@mcellbox=\box52
\extrarowheight=\dimen146
\NC@list=\toks18
\extratabsurround=\skip64
\backup@length=\skip65
\ar@cellbox=\box53
)
(/usr/local/texlive/2022/texmf-dist/tex/latex/graphics/color.sty
Package: color 2021/12/07 v1.3c Standard LaTeX Color (DPC)

(/usr/local/texlive/2022/texmf-dist/tex/latex/graphics-cfg/color.cfg
File: color.cfg 2016/01/02 v1.6 sample color configuration
)
Package color Info: Driver file: pdftex.def on input line 149.
)
\everycr=\toks19
\minrowclearance=\skip66
)
(/usr/local/texlive/2022/texmf-dist/tex/latex/booktabs/booktabs.sty
Package: booktabs 2020/01/12 v1.61803398 Publication quality tables
\heavyrulewidth=\dimen147
\lightrulewidth=\dimen148
\cmidrulewidth=\dimen149
\belowrulesep=\dimen150
\belowbottomsep=\dimen151
\aboverulesep=\dimen152
\abovetopsep=\dimen153
\cmidrulesep=\dimen154
\cmidrulekern=\dimen155
\defaultaddspace=\dimen156
\@cmidla=\count274
\@cmidlb=\count275
\@aboverulesep=\dimen157
\@belowrulesep=\dimen158
\@thisruleclass=\count276
\@lastruleclass=\count277
\@thisrulewidth=\dimen159
)
(/usr/local/texlive/2022/texmf-dist/tex/latex/tools/tabularx.sty
Package: tabularx 2020/01/15 v2.11c `tabularx' package (DPC)
\TX@col@width=\dimen160
\TX@old@table=\dimen161
\TX@old@col=\dimen162
\TX@target=\dimen163
\TX@delta=\dimen164
\TX@cols=\count278
\TX@ftn=\toks20
)
(/usr/local/texlive/2022/texmf-dist/tex/latex/xcolor/xcolor.sty
Package: xcolor 2021/10/31 v2.13 LaTeX color extensions (UK)

(/usr/local/texlive/2022/texmf-dist/tex/latex/graphics-cfg/color.cfg
File: color.cfg 2016/01/02 v1.6 sample color configuration
)
Package xcolor Info: Driver file: pdftex.def on input line 227.
LaTeX Info: Redefining \color on input line 711.
\rownum=\count279
Package xcolor Info: Model `cmy' substituted by `cmy0' on input line 1352.
Package xcolor Info: Model `hsb' substituted by `rgb' on input line 1356.
Package xcolor Info: Model `RGB' extended on input line 1368.
Package xcolor Info: Model `HTML' substituted by `rgb' on input line 1370.
Package xcolor Info: Model `Hsb' substituted by `hsb' on input line 1371.
Package xcolor Info: Model `tHsb' substituted by `hsb' on input line 1372.
Package xcolor Info: Model `HSB' substituted by `hsb' on input line 1373.
Package xcolor Info: Model `Gray' substituted by `gray' on input line 1374.
Package xcolor Info: Model `wave' substituted by `hsb' on input line 1375.
)
(/usr/local/texlive/2022/texmf-dist/tex/latex/listings/listings.sty
\lst@mode=\count280
\lst@gtempboxa=\box54
\lst@token=\toks21
\lst@length=\count281
\lst@currlwidth=\dimen165
\lst@column=\count282
\lst@pos=\count283
\lst@lostspace=\dimen166
\lst@width=\dimen167
\lst@newlines=\count284
\lst@lineno=\count285
\lst@maxwidth=\dimen168

(/usr/local/texlive/2022/texmf-dist/tex/latex/listings/lstmisc.sty
File: lstmisc.sty 2020/03/24 1.8d (Carsten Heinz)
\c@lstnumber=\count286
\lst@skipnumbers=\count287
\lst@framebox=\box55
)
(/usr/local/texlive/2022/texmf-dist/tex/latex/listings/listings.cfg
File: listings.cfg 2020/03/24 1.8d listings configuration
))
Package: listings 2020/03/24 1.8d (Carsten Heinz)

(/usr/local/texlive/2022/texmf-dist/tex/latex/tocloft/tocloft.sty
Package: tocloft 2017/08/31 v2.3i parameterised ToC, etc., typesetting
Package tocloft Info: The document has chapter divisions on input line 51.
\cftparskip=\skip67
\cftbeforetoctitleskip=\skip68
\cftaftertoctitleskip=\skip69
\cftbeforepartskip=\skip70
\cftpartnumwidth=\skip71
\cftpartindent=\skip72
\cftbeforechapskip=\skip73
\cftchapindent=\skip74
\cftchapnumwidth=\skip75
\cftbeforesecskip=\skip76
\cftsecindent=\skip77
\cftsecnumwidth=\skip78
\cftbeforesubsecskip=\skip79
\cftsubsecindent=\skip80
\cftsubsecnumwidth=\skip81
\cftbeforesubsubsecskip=\skip82
\cftsubsubsecindent=\skip83
\cftsubsubsecnumwidth=\skip84
\cftbeforeparaskip=\skip85
\cftparaindent=\skip86
\cftparanumwidth=\skip87
\cftbeforesubparaskip=\skip88
\cftsubparaindent=\skip89
\cftsubparanumwidth=\skip90
\cftbeforeloftitleskip=\skip91
\cftafterloftitleskip=\skip92
\cftbeforefigskip=\skip93
\cftfigindent=\skip94
\cftfignumwidth=\skip95
\c@lofdepth=\count288
\c@lotdepth=\count289
\cftbeforelottitleskip=\skip96
\cftafterlottitleskip=\skip97
\cftbeforetabskip=\skip98
\cfttabindent=\skip99
\cfttabnumwidth=\skip100
)
LaTeX Font Info:    Trying to load font information for T1+ptm on input line 89
.

(/usr/local/texlive/2022/texmf-dist/tex/latex/psnfss/t1ptm.fd
File: t1ptm.fd 2001/06/04 font definitions for T1/ptm.
)
(/usr/local/texlive/2022/texmf-dist/tex/latex/l3backend/l3backend-pdftex.def
File: l3backend-pdftex.def 2022-02-07 L3 backend support: PDF output (pdfTeX)
\l__color_backend_stack_int=\count290
\l__pdf_internal_box=\box56
)
(./book.aux (./intro-fs.aux) (./programming-fs.aux) (./filesystems.aux)
(./kernel-structures.aux) (./types.aux) (./vfs-interface.aux) (./disk-fs.aux

LaTeX Warning: Label `vfs' multiply defined.

) (./fuse-fs.aux

LaTeX Warning: Label `general-flow' multiply defined.

) (./debugging.aux) (./security.aux) (./performance.aux) (./case-studies.aux)
(./forensics.aux) (./bibliography.aux) (./index.aux))
\openout1 = `book.aux'.

LaTeX Font Info:    Checking defaults for OML/cmm/m/it on input line 89.
LaTeX Font Info:    ... okay on input line 89.
LaTeX Font Info:    Checking defaults for OMS/cmsy/m/n on input line 89.
LaTeX Font Info:    ... okay on input line 89.
LaTeX Font Info:    Checking defaults for OT1/cmr/m/n on input line 89.
LaTeX Font Info:    ... okay on input line 89.
LaTeX Font Info:    Checking defaults for T1/cmr/m/n on input line 89.
LaTeX Font Info:    ... okay on input line 89.
LaTeX Font Info:    Checking defaults for TS1/cmr/m/n on input line 89.
LaTeX Font Info:    ... okay on input line 89.
LaTeX Font Info:    Checking defaults for OMX/cmex/m/n on input line 89.
LaTeX Font Info:    ... okay on input line 89.
LaTeX Font Info:    Checking defaults for U/cmr/m/n on input line 89.
LaTeX Font Info:    ... okay on input line 89.

(/usr/local/texlive/2022/texmf-dist/tex/context/base/mkii/supp-pdf.mkii
[Loading MPS to PDF converter (version 2006.09.02).]
\scratchcounter=\count291
\scratchdimen=\dimen169
\scratchbox=\box57
\nofMPsegments=\count292
\nofMParguments=\count293
\everyMPshowfont=\toks22
\MPscratchCnt=\count294
\MPscratchDim=\dimen170
\MPnumerator=\count295
\makeMPintoPDFobject=\count296
\everyMPtoPDFconversion=\toks23
) (/usr/local/texlive/2022/texmf-dist/tex/latex/epstopdf-pkg/epstopdf-base.sty
Package: epstopdf-base 2020-01-24 v2.11 Base part for package epstopdf
Package epstopdf-base Info: Redefining graphics rule for `.eps' on input line 4
85.

(/usr/local/texlive/2022/texmf-dist/tex/latex/latexconfig/epstopdf-sys.cfg
File: epstopdf-sys.cfg 2010/07/13 v1.3 Configuration of (r)epstopdf for TeX Liv
e
))
\c@lstlisting=\count297
\c@urls=\count298

[1

{/usr/local/texlive/2022/texmf-var/fonts/map/pdftex/updmap/pdftex.map}]
(./book.toc
LaTeX Font Info:    External font `cmex10' loaded for size
(Font)              <7> on input line 1.
LaTeX Font Info:    External font `cmex10' loaded for size
(Font)              <5> on input line 1.
LaTeX Font Info:    Trying to load font information for T1+pcr on input line 24
.
 (/usr/local/texlive/2022/texmf-dist/tex/latex/psnfss/t1pcr.fd
File: t1pcr.fd 2001/06/04 font definitions for T1/pcr.
)
[2

] [3] [4] [5] [6]
Overfull \hbox (3.82288pt too wide) in paragraph at lines 259--259
 [][] []\T1/ptm/m/n/10 The \T1/pcr/m/n/10 new_sync_read() \T1/ptm/m/n/10 and \T
1/pcr/m/n/10 generic_file_read_iter() 
 []

[7] [8] [9] [10] [11])
\tf@toc=\write4
\openout4 = `book.toc'.

 [12]
\openout2 = `intro-fs.aux'.

 (./intro-fs.tex
Chapter 1.
[13


] [14]
<figures/book-1.jpg, id=52, 209.78375pt x 294.09875pt>
File: figures/book-1.jpg Graphic file (type jpg)
<use figures/book-1.jpg>
Package pdftex.def Info: figures/book-1.jpg  used on input line 33.
(pdftex.def)             Requested size: 83.912pt x 117.6374pt.
<figures/url.png, id=53, 220.825pt x 229.85875pt>
File: figures/url.png Graphic file (type png)
<use figures/url.png>
Package pdftex.def Info: figures/url.png  used on input line 46.
(pdftex.def)             Requested size: 33.12231pt x 34.47731pt.
 [15 <./figures/book-1.jpg> <./figures/url.png>]
<figures/book-2.jpg, id=59, 123.0999pt x 151.767pt>
File: figures/book-2.jpg Graphic file (type jpg)
<use figures/book-2.jpg>
Package pdftex.def Info: figures/book-2.jpg  used on input line 59.
(pdftex.def)             Requested size: 98.48003pt x 121.41374pt.
 [16 <./figures/book-2.jpg>] [17]
<figures/beer.png, id=66, 125.46875pt x 127.47626pt>
File: figures/beer.png Graphic file (type png)
<use figures/beer.png>
Package pdftex.def Info: figures/beer.png  used on input line 98.
(pdftex.def)             Requested size: 100.37512pt x 101.98112pt.

Overfull \hbox (2.92628pt too wide) in paragraph at lines 103--105
\T1/ptm/m/n/10 My fa-vorite teams are New-cas-tle United, San Fran-cisco Gi-ant
s, San Fran-cisco 49ers, Golden
 []

[18 <./figures/beer.png>]
<figures/src-xref.pdf, id=71, 58.2175pt x 58.2175pt>
File: figures/src-xref.pdf Graphic file (type pdf)
<use figures/src-xref.pdf>
Package pdftex.def Info: figures/src-xref.pdf  used on input line 136.
(pdftex.def)             Requested size: 46.57405pt x 46.57405pt.

Overfull \hbox (10.43906pt too wide) in paragraph at lines 136--136
[][] 
 []


Underfull \hbox (badness 4713) in paragraph at lines 136--136
[]\T1/pcr/m/n/9 fs/filesystems.c \T1/ptm/m/n/9 con-tains the \T1/pcr/m/n/9 file
_systems \T1/ptm/m/n/9 vari-able, rou-tines
 []


Underfull \hbox (badness 2538) in paragraph at lines 136--136
\T1/ptm/m/n/9 to reg-is-ter / un-reg-is-ter filesys-tems and func-tions for han
-dling \T1/pcr/m/n/9 struct
 []

File: figures/url.png Graphic file (type png)
<use figures/url.png>
Package pdftex.def Info: figures/url.png  used on input line 153.
(pdftex.def)             Requested size: 33.12231pt x 34.47731pt.
[19 <./figures/src-xref.pdf>] [20]
<figures/intro-figure.pdf, id=87, 499.8675pt x 382.42876pt>
File: figures/intro-figure.pdf Graphic file (type pdf)
<use figures/intro-figure.pdf>
Package pdftex.def Info: figures/intro-figure.pdf  used on input line 192.
(pdftex.def)             Requested size: 299.9228pt x 229.45901pt.
LaTeX Font Info:    Trying to load font information for TS1+ptm on input line 2
01.

(/usr/local/texlive/2022/texmf-dist/tex/latex/psnfss/ts1ptm.fd
File: ts1ptm.fd 2001/06/04 font definitions for TS1/ptm.
) [21 <./figures/intro-figure.pdf>] [22]
<figures/video-camera.pdf, id=114, 132.495pt x 114.4275pt>
File: figures/video-camera.pdf Graphic file (type pdf)
<use figures/video-camera.pdf>
Package pdftex.def Info: figures/video-camera.pdf  used on input line 280.
(pdftex.def)             Requested size: 39.7488pt x 34.3285pt.
 [23 <./figures/video-camera.pdf>]
<figures/code-walkthrough.pdf, id=123, 386.44376pt x 217.81375pt>
File: figures/code-walkthrough.pdf Graphic file (type pdf)
<use figures/code-walkthrough.pdf>
Package pdftex.def Info: figures/code-walkthrough.pdf  used on input line 300.
(pdftex.def)             Requested size: 247.32315pt x 139.40031pt.
 [24 <./figures/code-walkthrough.pdf>]) [25]
\openout2 = `programming-fs.aux'.

 (./programming-fs.tex [26




]
Chapter 2.
[27] [28] [29]
File: figures/url.png Graphic file (type png)
<use figures/url.png>
Package pdftex.def Info: figures/url.png  used on input line 125.
(pdftex.def)             Requested size: 33.12231pt x 34.47731pt.
 [30] [31] [32] [33] [34]
<figures/ls-l.pdf, id=173, 520.94624pt x 147.55125pt>
File: figures/ls-l.pdf Graphic file (type pdf)
<use figures/ls-l.pdf>
Package pdftex.def Info: figures/ls-l.pdf  used on input line 368.
(pdftex.def)             Requested size: 312.57016pt x 88.53142pt.


LaTeX Warning: `h' float specifier changed to `ht'.


LaTeX Warning: `h' float specifier changed to `ht'.

[35] [36 <./figures/ls-l.pdf>]
Overfull \hbox (6.26657pt too wide) in paragraph at lines 470--471
\T1/ptm/m/n/10 There isn't a great deal to say about clos-ing files. The sys-te
m call, as de-scribed in \T1/pcr/m/n/10 close(2)
 []

[37] [38]
<figures/pipe.pdf, id=199, 368.37625pt x 101.37875pt>
File: figures/pipe.pdf Graphic file (type pdf)
<use figures/pipe.pdf>
Package pdftex.def Info: figures/pipe.pdf  used on input line 543.
(pdftex.def)             Requested size: 221.02744pt x 60.82771pt.
 [39 <./figures/pipe.pdf>] [40] [41] [42] [43] [44]
<figures/readv.pdf, id=230, 351.3125pt x 200.75pt>
File: figures/readv.pdf Graphic file (type pdf)
<use figures/readv.pdf>
Package pdftex.def Info: figures/readv.pdf  used on input line 823.
(pdftex.def)             Requested size: 210.78911pt x 120.45091pt.
 [45 <./figures/readv.pdf>] [46] [47] [48] [49] [50] [51]
Overfull \hbox (2.85713pt too wide) in paragraph at lines 1130--1131
\T1/ptm/m/n/10 Existing locks cur-rently in use can be view in two ways. The fi
rst is to use the \T1/pcr/m/n/10 lslocks(1)
 []

[52]
Overfull \hbox (1.25932pt too wide) in paragraph at lines 1178--1179
[]\T1/ptm/m/n/10 As the \T1/pcr/m/n/10 Documentation/filesystems/mandatory-lock
ing.txt \T1/ptm/m/n/10 file in the
 []

File: figures/url.png Graphic file (type png)
<use figures/url.png>
Package pdftex.def Info: figures/url.png  used on input line 1192.
(pdftex.def)             Requested size: 33.12231pt x 34.47731pt.
[53]
<figures/direct-io.pdf, id=270, 472.76625pt x 374.39874pt>
File: figures/direct-io.pdf Graphic file (type pdf)
<use figures/direct-io.pdf>
Package pdftex.def Info: figures/direct-io.pdf  used on input line 1238.
(pdftex.def)             Requested size: 283.66193pt x 224.64098pt.
 [54]
Overfull \hbox (3.7854pt too wide) in paragraph at lines 1261--1262
\T1/ptm/m/n/10 ment of user ad-dresses and the amount of I/O re-quested. These 
re-stric-tions are per-filesystem
 []

[55 <./figures/direct-io.pdf>] [56] [57]
<figures/sparse.pdf, id=300, 434.62375pt x 202.7575pt>
File: figures/sparse.pdf Graphic file (type pdf)
<use figures/sparse.pdf>
Package pdftex.def Info: figures/sparse.pdf  used on input line 1388.
(pdftex.def)             Requested size: 260.77626pt x 121.65543pt.
 [58 <./figures/sparse.pdf>] [59]
<figures/stdio-1.pdf, id=319, 399.4925pt x 247.92625pt>
File: figures/stdio-1.pdf Graphic file (type pdf)
<use figures/stdio-1.pdf>
Package pdftex.def Info: figures/stdio-1.pdf  used on input line 1440.
(pdftex.def)             Requested size: 239.69734pt x 148.7569pt.

[60 <./figures/stdio-1.pdf>] [61]
Overfull \hbox (2.2776pt too wide) in paragraph at lines 1531--1533
\T1/ptm/m/n/10 The "\T1/pcr/m/n/10 lorem-ipsum\T1/ptm/m/n/10 " file con-tains t
he com-monly seen Latin text start-ing "\T1/pcr/m/n/10 Lorem ipsum
 []

[62] [63] [64]
File: figures/url.png Graphic file (type png)
<use figures/url.png>
Package pdftex.def Info: figures/url.png  used on input line 1686.
(pdftex.def)             Requested size: 33.12231pt x 34.47731pt.
 [65]
<figures/mmap-example.pdf, id=358, 465.74pt x 257.96375pt>
File: figures/mmap-example.pdf Graphic file (type pdf)
<use figures/mmap-example.pdf>
Package pdftex.def Info: figures/mmap-example.pdf  used on input line 1739.
(pdftex.def)             Requested size: 279.44615pt x 154.77943pt.
 [66 <./figures/mmap-example.pdf>] [67] [68]
<figures/asyncio.pdf, id=380, 518.93875pt x 237.88875pt>
File: figures/asyncio.pdf Graphic file (type pdf)
<use figures/asyncio.pdf>
Package pdftex.def Info: figures/asyncio.pdf  used on input line 1879.
(pdftex.def)             Requested size: 311.36565pt x 142.73433pt.
 [69] [70 <./figures/asyncio.pdf>] [71] [72] [73]
File: figures/url.png Graphic file (type png)
<use figures/url.png>
Package pdftex.def Info: figures/url.png  used on input line 2065.
(pdftex.def)             Requested size: 33.12231pt x 34.47731pt.
 [74] [75] [76] [77] [78] [79] [80] [81]
[82] [83] [84]
Overfull \hbox (3.2173pt too wide) in paragraph at lines 2585--2593
\T1/ptm/m/n/10 re-solve the is-sues with dno-tify. The three sys-tem calls, nam
ely \T1/pcr/m/n/10 inotify_init(2)\T1/ptm/m/n/10 ,
 []


Overfull \hbox (2.12947pt too wide) in paragraph at lines 2585--2593
\T1/pcr/m/n/10 inotify_add_watch(2)\T1/ptm/m/n/10 , and \T1/pcr/m/n/10 inotify_
rm_watch(2) \T1/ptm/m/n/10 were in-tro-duced. An
 []

File: figures/url.png Graphic file (type png)
<use figures/url.png>
Package pdftex.def Info: figures/url.png  used on input line 2604.
(pdftex.def)             Requested size: 33.12231pt x 34.47731pt.
[85]
Overfull \hbox (17.96712pt too wide) in paragraph at lines 2662--2663
[]\T1/ptm/m/n/10 Looking at the pro-gram to see how it works, it first starts w
ith a call to \T1/pcr/m/n/10 fanotify_init()
 []


Overfull \hbox (2.98813pt too wide) in paragraph at lines 2669--2671
\T1/ptm/m/n/10 ceived above. The di-rec-tory passed to the pro-gram is shown he
re as \T1/pcr/m/n/10 monitors[i].path\T1/ptm/m/n/10 . 
 []

[86] [87] [88] [89]) [90]
\openout2 = `filesystems.aux'.

 (./filesystems.tex
Chapter 3.
<figures/fs-tree.pdf, id=467, 578.16pt x 162.6075pt>
File: figures/fs-tree.pdf Graphic file (type pdf)
<use figures/fs-tree.pdf>
Package pdftex.def Info: figures/fs-tree.pdf  used on input line 22.
(pdftex.def)             Requested size: 346.89867pt x 97.56525pt.
[91




] [92 <./figures/fs-tree.pdf>]
File: figures/url.png Graphic file (type png)
<use figures/url.png>
Package pdftex.def Info: figures/url.png  used on input line 71.
(pdftex.def)             Requested size: 33.12231pt x 34.47731pt.
 [93]
<figures/basic-disk-layout.pdf, id=486, 374.39874pt x 228.855pt>
File: figures/basic-disk-layout.pdf Graphic file (type pdf)
<use figures/basic-disk-layout.pdf>
Package pdftex.def Info: figures/basic-disk-layout.pdf  used on input line 110.

(pdftex.def)             Requested size: 224.64098pt x 137.31404pt.
 [94 <./figures/basic-disk-layout.pdf>]
<figures/indirects.pdf, id=501, 503.8825pt x 280.04625pt>
File: figures/indirects.pdf Graphic file (type pdf)
<use figures/indirects.pdf>
Package pdftex.def Info: figures/indirects.pdf  used on input line 141.
(pdftex.def)             Requested size: 302.33183pt x 168.02904pt.

[95 <./figures/indirects.pdf>] [96]
<figures/gpt.pdf, id=525, 435.6275pt x 391.4625pt>
File: figures/gpt.pdf Graphic file (type pdf)
<use figures/gpt.pdf>
Package pdftex.def Info: figures/gpt.pdf  used on input line 207.
(pdftex.def)             Requested size: 261.37851pt x 234.8793pt.
 [97 <./figures/gpt.pdf>] [98] [99]
<figures/LVM.pdf, id=547, 430.60875pt x 234.8775pt>
File: figures/LVM.pdf Graphic file (type pdf)
<use figures/LVM.pdf>
Package pdftex.def Info: figures/LVM.pdf  used on input line 304.
(pdftex.def)             Requested size: 258.36723pt x 140.92758pt.
 [100 <./figures/LVM.pdf>]
Overfull \hbox (4.65358pt too wide) in paragraph at lines 381--382
[][][][][][][][][][][][][][][][][][][][][][] 
 []

[101] [102]
Overfull \hbox (53.8065pt too wide) in paragraph at lines 433--434
[]\T1/ptm/m/n/10 Wkipedia has a good page that i should cover - https://en.wiki
pedia.org/List_of_file_systems 
 []

[103] [104]
<figures/findmnt.pdf, id=575, 612.2875pt x 486.81876pt>
File: figures/findmnt.pdf Graphic file (type pdf)
<use figures/findmnt.pdf>
Package pdftex.def Info: figures/findmnt.pdf  used on input line 518.
(pdftex.def)             Requested size: 367.37534pt x 292.0935pt.

Overfull \hbox (6.02534pt too wide) in paragraph at lines 518--520
 [][] 
 []

[105] [106 <./figures/findmnt.pdf>] [107]
Overfull \hbox (2.36697pt too wide) in paragraph at lines 609--610
[]\T1/ptm/m/n/10 Directories have a max-i-mum of 64,000 sub-di-rec-to-ries (thi
s was in-creased from 32,000
 []

[108] [109]

LaTeX Warning: Reference `btrfs-snapshots' on page 110 undefined on input line 
672.

[110]
Underfull \vbox (badness 10000) has occurred while \output is active []

 [111]
<src-xref/procfs.pdf, id=613, 380.42125pt x 59.22125pt>
File: src-xref/procfs.pdf Graphic file (type pdf)
<use src-xref/procfs.pdf>
Package pdftex.def Info: src-xref/procfs.pdf  used on input line 758.
(pdftex.def)             Requested size: 361.39812pt x 56.25984pt.
File: figures/url.png Graphic file (type png)
<use figures/url.png>
Package pdftex.def Info: figures/url.png  used on input line 765.
(pdftex.def)             Requested size: 33.12231pt x 34.47731pt.
File: figures/url.png Graphic file (type png)
<use figures/url.png>
Package pdftex.def Info: figures/url.png  used on input line 775.
(pdftex.def)             Requested size: 33.12231pt x 34.47731pt.

Overfull \hbox (2.77257pt too wide) in paragraph at lines 775--775
[]\T1/ptm/m/n/10 10 
 []

<figures/ls-proc.pdf, id=614, 526.96875pt x 293.095pt>
File: figures/ls-proc.pdf Graphic file (type pdf)
<use figures/ls-proc.pdf>
Package pdftex.def Info: figures/ls-proc.pdf  used on input line 784.
(pdftex.def)             Requested size: 358.334pt x 199.30194pt.
[112 <./src-xref/procfs.pdf>]
File: figures/src-xref.pdf Graphic file (type pdf)
<use figures/src-xref.pdf>
Package pdftex.def Info: figures/src-xref.pdf  used on input line 814.
(pdftex.def)             Requested size: 46.57405pt x 46.57405pt.

Overfull \hbox (3.21162pt too wide) in paragraph at lines 814--814
[][] 
 []

[113 <./figures/ls-proc.pdf>]
<figures/fuse-fs-chap.pdf, id=646, 520.94624pt x 212.795pt>
File: figures/fuse-fs-chap.pdf Graphic file (type pdf)
<use figures/fuse-fs-chap.pdf>
Package pdftex.def Info: figures/fuse-fs-chap.pdf  used on input line 862.
(pdftex.def)             Requested size: 312.57016pt x 127.67796pt.
 [114] [115 <./figures/fuse-fs-chap.pdf>] [116]
[117] [118]
Overfull \hbox (1.23708pt too wide) in paragraph at lines 1083--1084
[]\T1/ptm/m/n/10 https://itnext.io/chroot-cgroups-and-namespaces-an-overview-37
124d995e3d - gives an
 []


Underfull \vbox (badness 1571) has occurred while \output is active []

 [119]
[120]
Overfull \hbox (68.01582pt too wide) in paragraph at lines 1157--1158
[]\T1/ptm/m/n/10 talks about fake-root com-mand - good ar-ti-cle here - https:/
/unix.stackexchange.com/questions/9714/what-
 []


Overfull \hbox (220.65578pt too wide) in paragraph at lines 1168--1170
[][][][][][][][][][][][][][][][][][][][][][][][][][][][][][] 
 []

[121] [122] [123] [124] [125] [126] [127]
<figures/loopback.pdf, id=704, 408.52625pt x 263.98625pt>
File: figures/loopback.pdf Graphic file (type pdf)
<use figures/loopback.pdf>
Package pdftex.def Info: figures/loopback.pdf  used on input line 1552.
(pdftex.def)             Requested size: 245.11765pt x 158.39296pt.

Underfull \vbox (badness 10000) has occurred while \output is active []

 [128 <./figures/loopback.pdf>] [129]
File: figures/src-xref.pdf Graphic file (type pdf)
<use figures/src-xref.pdf>
Package pdftex.def Info: figures/src-xref.pdf  used on input line 1630.
(pdftex.def)             Requested size: 46.57405pt x 46.57405pt.

Overfull \hbox (3.21162pt too wide) in paragraph at lines 1630--1630
[][] 
 []

<figures/fscache.pdf, id=725, 545.03625pt x 256.96pt>
File: figures/fscache.pdf Graphic file (type pdf)
<use figures/fscache.pdf>
Package pdftex.def Info: figures/fscache.pdf  used on input line 1638.
(pdftex.def)             Requested size: 327.02428pt x 154.17719pt.
[130 <./figures/fscache.pdf>]

LaTeX Warning: Reference `ssh-fs' on page 131 undefined on input line 1681.

File: figures/url.png Graphic file (type png)
<use figures/url.png>
Package pdftex.def Info: figures/url.png  used on input line 1691.
(pdftex.def)             Requested size: 33.12231pt x 34.47731pt.
[131]
<figures/nfs.pdf, id=746, 523.9575pt x 315.1775pt>
File: figures/nfs.pdf Graphic file (type pdf)
<use figures/nfs.pdf>
Package pdftex.def Info: figures/nfs.pdf  used on input line 1701.
(pdftex.def)             Requested size: 314.37692pt x 189.10796pt.
 [132 <./figures/nfs.pdf>]
File: figures/url.png Graphic file (type png)
<use figures/url.png>
Package pdftex.def Info: figures/url.png  used on input line 1726.
(pdftex.def)             Requested size: 33.12231pt x 34.47731pt.

Overfull \hbox (11.74593pt too wide) in paragraph at lines 1744--1745
\T1/ptm/m/n/10 files, space reser-va-tion, ap-pli-ca-tion data block (ADB), la-
beled NFS with sec_label
 []

[133]
LaTeX Font Info:    Font shape `T1/pcr/m/it' in size <9> not available
(Font)              Font shape `T1/pcr/m/sl' tried instead on input line 1790.
 [134]
File: figures/url.png Graphic file (type png)
<use figures/url.png>
Package pdftex.def Info: figures/url.png  used on input line 1813.
(pdftex.def)             Requested size: 33.12231pt x 34.47731pt.
 [135]
Overfull \hbox (4.65358pt too wide) in paragraph at lines 1854--1855
[][][][][][][][][][][][][][][][][][][][][][][][][][][][][][][][][]
 []

[136]
Overfull \hbox (4.64973pt too wide) in paragraph at lines 1936--1937
[][][][]\T1/pcr/b/n/9 sudo setquota -u [username] [soft disk limit] [hard disk 
limit] 
 []


Overfull \hbox (10.05363pt too wide) in paragraph at lines 1954--1955
[][][][][][][][][][][][][][][][][][][][][][][][][][][][][][]
 []


Overfull \hbox (31.65385pt too wide) in paragraph at lines 1956--1957
[][][][][][][][][][][][][][][][][][][][][][][][][]
 []


Overfull \hbox (26.2538pt too wide) in paragraph at lines 1957--1958
[][][][][][][][][][][][][][][][][][][][][][][][][][][][][][][][]
 []


Overfull \hbox (4.65358pt too wide) in paragraph at lines 1968--1969
[][][][][][][][][][][][][][][][][][][][][][][][][][][][][][][][][]
 []


Overfull \hbox (31.65385pt too wide) in paragraph at lines 1969--1970
[][][] 
 []


Overfull \hbox (4.65358pt too wide) in paragraph at lines 1981--1982
[][][][][][][][][][][][][][][][][][][][][][][][][][][][][][][][][]
 []


Overfull \hbox (31.65385pt too wide) in paragraph at lines 1982--1983
[][][] 
 []

[137]
Overfull \hbox (4.65358pt too wide) in paragraph at lines 2010--2011
[][][][][][][][][][][][][][][][][][][][][][][][][][][][][][][][][]
 []


Overfull \hbox (31.65385pt too wide) in paragraph at lines 2011--2012
[][][] 
 []

[138]
File: figures/url.png Graphic file (type png)
<use figures/url.png>
Package pdftex.def Info: figures/url.png  used on input line 2042.
(pdftex.def)             Requested size: 33.12231pt x 34.47731pt.

Overfull \hbox (15.45369pt too wide) in paragraph at lines 2053--2054
[][][][][][][][][][][][][][][][][][][][][][][][]
 []


Overfull \hbox (26.2538pt too wide) in paragraph at lines 2054--2055
[][][][][][][][][][][][][][][][][][][][][][][][][][]
 []

[139] [140] [141]) [142]
\openout2 = `kernel-structures.aux'.

 (./kernel-structures.tex
Chapter 4.
[143




]
<figures/kernel-org.pdf, id=802, 794.97pt x 614.295pt>
File: figures/kernel-org.pdf Graphic file (type pdf)
<use figures/kernel-org.pdf>
Package pdftex.def Info: figures/kernel-org.pdf  used on input line 61.
(pdftex.def)             Requested size: 317.98236pt x 245.71364pt.
 [144] [145 <./figures/kernel-org.pdf, page is rotated 90 degrees>]
[146] [147]
<figures/process-address-space.pdf, id=820, 554.07pt x 384.43625pt>
File: figures/process-address-space.pdf Graphic file (type pdf)
<use figures/process-address-space.pdf>
Package pdftex.def Info: figures/process-address-space.pdf  used on input line 
154.
(pdftex.def)             Requested size: 332.44456pt x 230.66351pt.
 [148 <./figures/process-address-space.pdf>]
<figures/syscall-kernel.pdf, id=839, 528.97626pt x 259.97125pt>
File: figures/syscall-kernel.pdf Graphic file (type pdf)
<use figures/syscall-kernel.pdf>
Package pdftex.def Info: figures/syscall-kernel.pdf  used on input line 171.
(pdftex.def)             Requested size: 317.3882pt x 155.98395pt.
 [149 <./figures/syscall-kernel.pdf>]
File: figures/url.png Graphic file (type png)
<use figures/url.png>
Package pdftex.def Info: figures/url.png  used on input line 218.
(pdftex.def)             Requested size: 33.12231pt x 34.47731pt.
 [150] [151] [152]
<figures/tag-stacking.png, id=869, 521.95pt x 314.17375pt>
File: figures/tag-stacking.png Graphic file (type png)
<use figures/tag-stacking.png>
Package pdftex.def Info: figures/tag-stacking.png  used on input line 381.
(pdftex.def)             Requested size: 313.17241pt x 188.50569pt.
 [153 <./figures/tag-stacking.png>]
<figures/tag-stacking-2.png, id=874, 544.0325pt x 131.49126pt>
File: figures/tag-stacking-2.png Graphic file (type png)
<use figures/tag-stacking-2.png>
Package pdftex.def Info: figures/tag-stacking-2.png  used on input line 390.
(pdftex.def)             Requested size: 326.42201pt x 78.89534pt.
File: figures/url.png Graphic file (type png)
<use figures/url.png>
Package pdftex.def Info: figures/url.png  used on input line 404.
(pdftex.def)             Requested size: 33.12231pt x 34.47731pt.
 [154 <./figures/tag-stacking-2.png>]
<figures/cscope-1.png, id=879, 562.1pt x 174.6525pt>
File: figures/cscope-1.png Graphic file (type png)
<use figures/cscope-1.png>
Package pdftex.def Info: figures/cscope-1.png  used on input line 433.
(pdftex.def)             Requested size: 337.2626pt x 104.7923pt.
<figures/cscope-2.png, id=880, 563.10374pt x 152.57pt>
File: figures/cscope-2.png Graphic file (type png)
<use figures/cscope-2.png>
Package pdftex.def Info: figures/cscope-2.png  used on input line 442.
(pdftex.def)             Requested size: 337.86485pt x 91.5427pt.
 [155 <./figures/cscope-1.png> <./figures/cscope-2.png>]
File: figures/url.png Graphic file (type png)
<use figures/url.png>
Package pdftex.def Info: figures/url.png  used on input line 463.
(pdftex.def)             Requested size: 33.12231pt x 34.47731pt.

Overfull \hbox (2.77257pt too wide) in paragraph at lines 463--463
[]\T1/ptm/m/n/10 17 
 []

<figures/elixr-1.png, id=886, 828.09375pt x 544.0325pt>
File: figures/elixr-1.png Graphic file (type png)
<use figures/elixr-1.png>
Package pdftex.def Info: figures/elixr-1.png  used on input line 473.
(pdftex.def)             Requested size: 331.23163pt x 217.60915pt.
<figures/elixr-2.png, id=887, 955.57pt x 498.86375pt>
File: figures/elixr-2.png Graphic file (type png)
<use figures/elixr-2.png>
Package pdftex.def Info: figures/elixr-2.png  used on input line 482.
(pdftex.def)             Requested size: 382.22122pt x 199.54196pt.

Overfull \hbox (20.87123pt too wide) in paragraph at lines 482--484
 [][] 
 []

[156] [157 <./figures/elixr-1.png> <./figures/elixr-2.png>] [158]
<figures/per-file-kernel-structures.pdf, id=900, 526.96875pt x 437.635pt>
File: figures/per-file-kernel-structures.pdf Graphic file (type pdf)
<use figures/per-file-kernel-structures.pdf>
Package pdftex.def Info: figures/per-file-kernel-structures.pdf  used on input 
line 538.
(pdftex.def)             Requested size: 316.18369pt x 262.58302pt.
 [159 <./figures/per-file-kernel-structures.pdf>] [160]

LaTeX Warning: Reference `inodes' on page 161 undefined on input line 637.

[161]
File: figures/src-xref.pdf Graphic file (type pdf)
<use figures/src-xref.pdf>
Package pdftex.def Info: figures/src-xref.pdf  used on input line 654.
(pdftex.def)             Requested size: 46.57405pt x 46.57405pt.

Overfull \hbox (3.21162pt too wide) in paragraph at lines 654--654
[][] 
 []

<figures/kstruct-inode-pages.pdf, id=926, 501.875pt x 197.73875pt>
File: figures/kstruct-inode-pages.pdf Graphic file (type pdf)
<use figures/kstruct-inode-pages.pdf>
Package pdftex.def Info: figures/kstruct-inode-pages.pdf  used on input line 67
0.
(pdftex.def)             Requested size: 301.12732pt x 118.64417pt.
[162 <./figures/kstruct-inode-pages.pdf>]
File: figures/src-xref.pdf Graphic file (type pdf)
<use figures/src-xref.pdf>
Package pdftex.def Info: figures/src-xref.pdf  used on input line 704.
(pdftex.def)             Requested size: 46.57405pt x 46.57405pt.

Overfull \hbox (3.21162pt too wide) in paragraph at lines 704--704
[][] 
 []

[163]
Overfull \hbox (5.0084pt too wide) in paragraph at lines 742--745
\T1/ptm/m/n/10 to the \T1/pcr/m/n/10 d_iname \T1/ptm/m/n/10 field de-scribed ab
ove. For file names that are \T1/pcr/m/n/10 DNAME_INLINE_LEN
 []

[164] [165]
<figures/kernel-pathname-tree.pdf, id=950, 393.47pt x 194.7275pt>
File: figures/kernel-pathname-tree.pdf Graphic file (type pdf)
<use figures/kernel-pathname-tree.pdf>
Package pdftex.def Info: figures/kernel-pathname-tree.pdf  used on input line 8
00.
(pdftex.def)             Requested size: 236.0838pt x 116.83739pt.
<figures/kernel-pathname-dentries.pdf, id=951, 542.025pt x 410.53375pt>
File: figures/kernel-pathname-dentries.pdf Graphic file (type pdf)
<use figures/kernel-pathname-dentries.pdf>
Package pdftex.def Info: figures/kernel-pathname-dentries.pdf  used on input li
ne 809.
(pdftex.def)             Requested size: 325.2175pt x 246.32214pt.


LaTeX Warning: `h' float specifier changed to `ht'.

<figures/kernel-dentry_hashtable.pdf, id=952, 451.6875pt x 261.97874pt>
File: figures/kernel-dentry_hashtable.pdf Graphic file (type pdf)
<use figures/kernel-dentry_hashtable.pdf>
Package pdftex.def Info: figures/kernel-dentry_hashtable.pdf  used on input lin
e 830.
(pdftex.def)             Requested size: 271.01459pt x 157.18845pt.

LaTeX Warning: `h' float specifier changed to `ht'.

[166 <./figures/kernel-pathname-tree.pdf>] [167 <./figures/kernel-pathname-dent
ries.pdf>] [168 <./figures/kernel-dentry_hashtable.pdf>] [169]
File: figures/src-xref.pdf Graphic file (type pdf)
<use figures/src-xref.pdf>
Package pdftex.def Info: figures/src-xref.pdf  used on input line 950.
(pdftex.def)             Requested size: 46.57405pt x 46.57405pt.

Overfull \hbox (3.21162pt too wide) in paragraph at lines 950--950
[][] 
 []

[170] [171]
<figures/kstruct-inodes.pdf, id=1005, 434.62375pt x 173.64874pt>
File: figures/kstruct-inodes.pdf Graphic file (type pdf)
<use figures/kstruct-inodes.pdf>
Package pdftex.def Info: figures/kstruct-inodes.pdf  used on input line 1032.
(pdftex.def)             Requested size: 260.77626pt x 104.19005pt.
 [172 <./figures/kstruct-inodes.pdf>] [173]
Overfull \hbox (3.54646pt too wide) in paragraph at lines 1161--1162
\T1/ptm/m/n/10 Here is the same anal-y-sis as shown in the pre-vi-ous sec-tion 
but this time us-ing the \T1/pcr/m/n/10 crash(1)
 []

[174]

LaTeX Warning: Reference `{debugging}' on page 175 undefined on input line 1214
.

[175] [176]
File: figures/src-xref.pdf Graphic file (type pdf)
<use figures/src-xref.pdf>
Package pdftex.def Info: figures/src-xref.pdf  used on input line 1281.
(pdftex.def)             Requested size: 46.57405pt x 46.57405pt.

Overfull \hbox (3.21162pt too wide) in paragraph at lines 1281--1281
[][] 
 []


Underfull \hbox (badness 10000) in paragraph at lines 1281--1281
[]\T1/pcr/m/n/9 include/linux/buffer_head.h \T1/ptm/m/n/9 con-tains the def-i-n
i-tion of the
 []

[177]
Overfull \hbox (6.70724pt too wide) in paragraph at lines 1335--1336
\T1/ptm/b/n/10 about writ-ing?\T1/ptm/m/n/10 ). You will see a few ex-cep-tions
 in the in-di-vid-ual files (run "\T1/pcr/m/n/10 grep __bread
 []

[178]
<figures/address-space.pdf, id=1042, 501.875pt x 197.73875pt>
File: figures/address-space.pdf Graphic file (type pdf)
<use figures/address-space.pdf>
Package pdftex.def Info: figures/address-space.pdf  used on input line 1379.
(pdftex.def)             Requested size: 301.12732pt x 118.64417pt.


LaTeX Warning: `h' float specifier changed to `ht'.

File: figures/src-xref.pdf Graphic file (type pdf)
<use figures/src-xref.pdf>
Package pdftex.def Info: figures/src-xref.pdf  used on input line 1387.
(pdftex.def)             Requested size: 46.57405pt x 46.57405pt.

Overfull \hbox (3.21162pt too wide) in paragraph at lines 1387--1387
[][] 
 []

[179] [180 <./figures/address-space.pdf>]
File: figures/src-xref.pdf Graphic file (type pdf)
<use figures/src-xref.pdf>
Package pdftex.def Info: figures/src-xref.pdf  used on input line 1468.
(pdftex.def)             Requested size: 46.57405pt x 46.57405pt.

Overfull \hbox (3.21162pt too wide) in paragraph at lines 1468--1468
[][] 
 []

[181]
Overfull \hbox (58.65413pt too wide) in paragraph at lines 1495--1496
[][][][][][][][][][][][][][][][][][][][][][][][][][][][][][][] 
 []


Overfull \hbox (42.45396pt too wide) in paragraph at lines 1496--1497
[][][][][][][][][][][][][][][][][][][][][][][][][][][][][][] 
 []


Overfull \hbox (53.25407pt too wide) in paragraph at lines 1497--1498
[][][][][][][][][][][][][][][][][][][][][][][][][][][][][][][][][][] 
 []


Overfull \hbox (64.05418pt too wide) in paragraph at lines 1499--1500
[][][][][][][][][][][][][][][][][][][][][][][][][][][][][][][][][][] 
 []


Overfull \hbox (31.65385pt too wide) in paragraph at lines 1501--1502
[][][][][][][][][][][][][][][][][][][][][][][][][] 
 []


Overfull \hbox (69.45424pt too wide) in paragraph at lines 1503--1504
[][][][][][][][][][][][][][][][][][][][][][][][][][][][][][][][][] 
 []


Overfull \hbox (64.05418pt too wide) in paragraph at lines 1505--1506
[][][][][][][][][][][][][][][][][][][][][][][][][][][][][][][][][] 
 []

[182]
Overfull \hbox (26.2538pt too wide) in paragraph at lines 1583--1587
[][][][][][][][][][][][][][][][][][][][][][][][][][][][][][][][][][][][][] 
 []

[183]
Overfull \hbox (37.05391pt too wide) in paragraph at lines 1599--1600
[][][][][][][][][][][][][][][][][][] 
 []


Overfull \hbox (37.05391pt too wide) in paragraph at lines 1600--1603
[][][][][][][][][][][][][][][][] 
 []


Overfull \hbox (4.65358pt too wide) in paragraph at lines 1605--1607
[][][][][][][][][][][][] 
 []


Overfull \hbox (9.95682pt too wide) in paragraph at lines 1636--1637
\T1/ptm/b/n/10 just as an ex-am-ple to show how it also has ad-dress_space stru
cts for each vm_area_struct
 []


Underfull \vbox (badness 10000) has occurred while \output is active []

 [184]
File: figures/src-xref.pdf Graphic file (type pdf)
<use figures/src-xref.pdf>
Package pdftex.def Info: figures/src-xref.pdf  used on input line 1650.
(pdftex.def)             Requested size: 46.57405pt x 46.57405pt.

Overfull \hbox (3.21162pt too wide) in paragraph at lines 1650--1650
[][] 
 []

<figures/filesystems-available-expanded.pdf, id=1072, 565.11125pt x 143.53625pt
>
File: figures/filesystems-available-expanded.pdf Graphic file (type pdf)
<use figures/filesystems-available-expanded.pdf>
Package pdftex.def Info: figures/filesystems-available-expanded.pdf  used on in
put line 1665.
(pdftex.def)             Requested size: 339.06937pt x 86.1224pt.
[185 <./figures/filesystems-available-expanded.pdf>]
File: figures/src-xref.pdf Graphic file (type pdf)
<use figures/src-xref.pdf>
Package pdftex.def Info: figures/src-xref.pdf  used on input line 1704.
(pdftex.def)             Requested size: 46.57405pt x 46.57405pt.

Overfull \hbox (3.21162pt too wide) in paragraph at lines 1704--1704
[][] 
 []


Underfull \hbox (badness 1194) in paragraph at lines 1704--1704
\T1/ptm/m/n/9 un-mount-ing filesys-tems. The \T1/pcr/m/n/9 super_block \T1/ptm/
m/n/9 struc-ture can be found in
 []

<figures/mount-structs.pdf, id=1089, 418.56375pt x 280.04625pt>
File: figures/mount-structs.pdf Graphic file (type pdf)
<use figures/mount-structs.pdf>
Package pdftex.def Info: figures/mount-structs.pdf  used on input line 1712.
(pdftex.def)             Requested size: 251.14018pt x 168.02904pt.
[186 <./figures/mount-structs.pdf>]
File: figures/src-xref.pdf Graphic file (type pdf)
<use figures/src-xref.pdf>
Package pdftex.def Info: figures/src-xref.pdf  used on input line 1748.
(pdftex.def)             Requested size: 46.57405pt x 46.57405pt.

Overfull \hbox (3.21162pt too wide) in paragraph at lines 1748--1748
[][] 
 []

File: figures/src-xref.pdf Graphic file (type pdf)
<use figures/src-xref.pdf>
Package pdftex.def Info: figures/src-xref.pdf  used on input line 1766.
(pdftex.def)             Requested size: 46.57405pt x 46.57405pt.

Overfull \hbox (3.21162pt too wide) in paragraph at lines 1766--1766
[][] 
 []

[187] [188] [189]) [190]
\openout2 = `types.aux'.

 (./types.tex
Chapter 5.
[191




] [192]
Overfull \hbox (47.53586pt too wide) in paragraph at lines 117--118
[]\T1/ptm/m/n/10 to see ac-tual con-tents, will need to call kmap() - https://s
tackoverflow.com/questions/31966298/can-
 []


Overfull \hbox (26.2538pt too wide) in paragraph at lines 132--133
[][][][][][][][][][][][][][][][][][][][][][][][][][][][][] 
 []


Overfull \hbox (15.45369pt too wide) in paragraph at lines 134--135
[][][][][][][][][][][][][][][][][][][][][][][][][][][][] 
 []

[193]
File: figures/src-xref.pdf Graphic file (type pdf)
<use figures/src-xref.pdf>
Package pdftex.def Info: figures/src-xref.pdf  used on input line 177.
(pdftex.def)             Requested size: 46.57405pt x 46.57405pt.

Overfull \hbox (3.21162pt too wide) in paragraph at lines 177--177
[][] 
 []

<figures/containerof.pdf, id=1129, 455.7025pt x 175.65625pt>
File: figures/containerof.pdf Graphic file (type pdf)
<use figures/containerof.pdf>
Package pdftex.def Info: figures/containerof.pdf  used on input line 203.
(pdftex.def)             Requested size: 273.4236pt x 105.39455pt.
[194]

LaTeX Warning: Reference `inodes' on page 195 undefined on input line 230.


Overfull \hbox (4.65358pt too wide) in paragraph at lines 244--245
[][][][][][][][][][][][][][][][][][][][][] 
 []

[195 <./figures/containerof.pdf>]
Overfull \hbox (4.65358pt too wide) in paragraph at lines 264--265
[][][][][][][][][][][][][][][][][] 
 []

File: figures/url.png Graphic file (type png)
<use figures/url.png>
Package pdftex.def Info: figures/url.png  used on input line 295.
(pdftex.def)             Requested size: 33.12231pt x 34.47731pt.
[196]

LaTeX Warning: Reference `xxx' on page 197 undefined on input line 326.

) [197]
\openout2 = `vfs-interface.aux'.

 (./vfs-interface.tex [198




]
Chapter 6.
<figures/vfs-functions.pdf, id=1161, 487.8225pt x 302.12875pt>
File: figures/vfs-functions.pdf Graphic file (type pdf)
<use figures/vfs-functions.pdf>
Package pdftex.def Info: figures/vfs-functions.pdf  used on input line 18.
(pdftex.def)             Requested size: 292.69576pt x 181.27864pt.

LaTeX Warning: `h' float specifier changed to `ht'.

[199] [200 <./figures/vfs-functions.pdf>] [201]
File: figures/src-xref.pdf Graphic file (type pdf)
<use figures/src-xref.pdf>
Package pdftex.def Info: figures/src-xref.pdf  used on input line 122.
(pdftex.def)             Requested size: 46.57405pt x 46.57405pt.

Overfull \hbox (3.21162pt too wide) in paragraph at lines 122--122
[][] 
 []

[202] [203]
File: figures/src-xref.pdf Graphic file (type pdf)
<use figures/src-xref.pdf>
Package pdftex.def Info: figures/src-xref.pdf  used on input line 215.
(pdftex.def)             Requested size: 46.57405pt x 46.57405pt.

Overfull \hbox (3.21162pt too wide) in paragraph at lines 215--215
[][] 
 []

[204]
File: figures/url.png Graphic file (type png)
<use figures/url.png>
Package pdftex.def Info: figures/url.png  used on input line 302.
(pdftex.def)             Requested size: 33.12231pt x 34.47731pt.


LaTeX Warning: `h' float specifier changed to `ht'.

[205]
<figures/super_operations.pdf, id=1204, 357.335pt x 359.3425pt>
File: figures/super_operations.pdf Graphic file (type pdf)
<use figures/super_operations.pdf>
Package pdftex.def Info: figures/super_operations.pdf  used on input line 349.
(pdftex.def)             Requested size: 285.86838pt x 287.47438pt.


LaTeX Warning: `h' float specifier changed to `ht'.


Overfull \hbox (13.39813pt too wide) in paragraph at lines 357--358
[]\T1/ptm/m/n/10 The code for \T1/pcr/m/n/10 spfs_mount() \T1/ptm/m/n/10 is ver
y sim-ple, re-ly-ing solely on a call to \T1/pcr/m/n/10 mount_bdev()\T1/ptm/m/n
/10 .
 []

[206] [207 <./figures/super_operations.pdf>] [208] [209]
File: figures/src-xref.pdf Graphic file (type pdf)
<use figures/src-xref.pdf>
Package pdftex.def Info: figures/src-xref.pdf  used on input line 495.
(pdftex.def)             Requested size: 46.57405pt x 46.57405pt.

Overfull \hbox (3.21162pt too wide) in paragraph at lines 495--495
[][] 
 []

[210]
LaTeX Font Info:    External font `cmex10' loaded for size
(Font)              <9> on input line 544.
LaTeX Font Info:    External font `cmex10' loaded for size
(Font)              <6> on input line 544.
<figures/mount-vfsmount.pdf, id=1233, 513.92pt x 404.51125pt>
File: figures/mount-vfsmount.pdf Graphic file (type pdf)
<use figures/mount-vfsmount.pdf>
Package pdftex.def Info: figures/mount-vfsmount.pdf  used on input line 590.
(pdftex.def)             Requested size: 308.35437pt x 242.70862pt.


LaTeX Warning: `h' float specifier changed to `ht'.

[211] [212 <./figures/mount-vfsmount.pdf>] [213]
File: figures/src-xref.pdf Graphic file (type pdf)
<use figures/src-xref.pdf>
Package pdftex.def Info: figures/src-xref.pdf  used on input line 730.
(pdftex.def)             Requested size: 46.57405pt x 46.57405pt.

Overfull \hbox (3.21162pt too wide) in paragraph at lines 730--730
[][] 
 []


Underfull \hbox (badness 3138) in paragraph at lines 730--730
[]\T1/ptm/m/n/9 Source code for han-dling un-mount-ing of filesys-tems can be f
ound in
 []

[214]
Overfull \hbox (18.40643pt too wide) in paragraph at lines 772--774
\T1/ptm/m/n/10 per-mis-sion to un-mount, that the path is the root of the mount
ed filesys-tem and \T1/ptm/b/n/10 check_mnt()???? 
 []

File: figures/src-xref.pdf Graphic file (type pdf)
<use figures/src-xref.pdf>
Package pdftex.def Info: figures/src-xref.pdf  used on input line 787.
(pdftex.def)             Requested size: 46.57405pt x 46.57405pt.

Overfull \hbox (3.21162pt too wide) in paragraph at lines 787--787
[][] 
 []


Underfull \hbox (badness 1881) in paragraph at lines 787--787
[]\T1/ptm/m/n/9 The sys-tem call han-dler for the \T1/pcr/m/n/9 clone \T1/ptm/m
/n/9 sys-tem call cand be found in
 []

<figures/chroot-fields.pdf, id=1261, 427.5975pt x 214.8025pt>
File: figures/chroot-fields.pdf Graphic file (type pdf)
<use figures/chroot-fields.pdf>
Package pdftex.def Info: figures/chroot-fields.pdf  used on input line 805.
(pdftex.def)             Requested size: 256.56047pt x 128.88249pt.

LaTeX Warning: `h' float specifier changed to `ht'.

[215] [216 <./figures/chroot-fields.pdf>]
<figures/open-fd.pdf, id=1276, 335.2525pt x 432.61626pt>
File: figures/open-fd.pdf Graphic file (type pdf)
<use figures/open-fd.pdf>
Package pdftex.def Info: figures/open-fd.pdf  used on input line 867.
(pdftex.def)             Requested size: 268.20236pt x 346.09348pt.


LaTeX Warning: Reference `fd-expand' on page 217 undefined on input line 873.

[217 <./figures/open-fd.pdf>]
<figures/fd_allocation_simple.pdf, id=1294, 506.89375pt x 145.54375pt>
File: figures/fd_allocation_simple.pdf Graphic file (type pdf)
<use figures/fd_allocation_simple.pdf>
Package pdftex.def Info: figures/fd_allocation_simple.pdf  used on input line 9
02.
(pdftex.def)             Requested size: 304.1386pt x 87.3269pt.
 [218 <./figures/fd_allocation_simple.pdf>]
[219] [220] [221] [222]
File: figures/src-xref.pdf Graphic file (type pdf)
<use figures/src-xref.pdf>
Package pdftex.def Info: figures/src-xref.pdf  used on input line 1153.
(pdftex.def)             Requested size: 46.57405pt x 46.57405pt.

Overfull \hbox (3.21162pt too wide) in paragraph at lines 1153--1153
[][] 
 []

[223] [224]
<figures/cwd-and-root-directory.pdf, id=1331, 478.78876pt x 392.46625pt>
File: figures/cwd-and-root-directory.pdf Graphic file (type pdf)
<use figures/cwd-and-root-directory.pdf>
Package pdftex.def Info: figures/cwd-and-root-directory.pdf  used on input line
 1232.
(pdftex.def)             Requested size: 287.27547pt x 235.48155pt.
 [225 <./figures/cwd-and-root-directory.pdf>]
<figures/link-path-walk.pdf, id=1346, 514.92375pt x 255.95625pt>
File: figures/link-path-walk.pdf Graphic file (type pdf)
<use figures/link-path-walk.pdf>
Package pdftex.def Info: figures/link-path-walk.pdf  used on input line 1293.
(pdftex.def)             Requested size: 308.95662pt x 153.57492pt.


LaTeX Warning: `h' float specifier changed to `ht'.

[226] [227 <./figures/link-path-walk.pdf>]
Overfull \hbox (5.65729pt too wide) in paragraph at lines 1370--1372
\T1/ptm/m/n/10 will need to be made into the filesys-tem. To check if it's in t
he cache, \T1/pcr/m/n/10 walk_component()
 []


Overfull \hbox (9.41731pt too wide) in paragraph at lines 1370--1372
\T1/ptm/m/n/10 calls \T1/pcr/m/n/10 lookup_fast() \T1/ptm/m/n/10 and if that fa
ils to find it in the cache it then calls \T1/pcr/m/n/10 lookup_slow()\T1/ptm/m
/n/10 .
 []

[228] [229]
<figures/link-path-walk-callers.pdf, id=1380, 457.71pt x 335.2525pt>
File: figures/link-path-walk-callers.pdf Graphic file (type pdf)
<use figures/link-path-walk-callers.pdf>
Package pdftex.def Info: figures/link-path-walk-callers.pdf  used on input line
 1442.
(pdftex.def)             Requested size: 366.1685pt x 268.20236pt.

Overfull \hbox (4.81851pt too wide) in paragraph at lines 1442--1444
 [][] 
 []


Underfull \vbox (badness 1755) has occurred while \output is active []

 [230 <./figures/link-path-walk-callers.pdf>]
<figures/pathname-tree.pdf, id=1395, 396.48125pt x 150.5625pt>
File: figures/pathname-tree.pdf Graphic file (type pdf)
<use figures/pathname-tree.pdf>
Package pdftex.def Info: figures/pathname-tree.pdf  used on input line 1504.
(pdftex.def)             Requested size: 237.89058pt x 90.33818pt.


LaTeX Warning: `h' float specifier changed to `ht'.

<figures/pathname-dentries.pdf, id=1396, 491.8375pt x 279.0425pt>
File: figures/pathname-dentries.pdf Graphic file (type pdf)
<use figures/pathname-dentries.pdf>
Package pdftex.def Info: figures/pathname-dentries.pdf  used on input line 1514
.
(pdftex.def)             Requested size: 295.10477pt x 167.42679pt.

LaTeX Warning: `h' float specifier changed to `ht'.

[231] [232 <./figures/pathname-tree.pdf> <./figures/pathname-dentries.pdf>]
Overfull \hbox (0.42781pt too wide) in paragraph at lines 1568--1569
[]\T1/ptm/m/n/10 Here is the source code in \T1/pcr/m/n/10 __traverse_mounts() 
\T1/ptm/m/n/10 that cov-ers a filesys-tem mounted
 []

[233]
Overfull \hbox (5.39362pt too wide) in paragraph at lines 1641--1641
[]|\T1/pcr/m/n/10 home/spate/spfs/kern/spfs.ko| 
 []


Overfull \hbox (6.88277pt too wide) in paragraph at lines 1637--1650
 [] 
 []

[234]
Overfull \hbox (16.83875pt too wide) in paragraph at lines 1680--1682
\T1/ptm/m/n/10 The func-tion loops around the calls to \T1/pcr/m/n/10 link_path
_walk() \T1/ptm/m/n/10 and \T1/pcr/m/n/10 open_last_lookups()
 []

[235]
<figures/kgdb-path.pdf, id=1435, 386.44376pt x 231.86626pt>
File: figures/kgdb-path.pdf Graphic file (type pdf)
<use figures/kgdb-path.pdf>
Package pdftex.def Info: figures/kgdb-path.pdf  used on input line 1728.
(pdftex.def)             Requested size: 367.11948pt x 220.27168pt.

Overfull \hbox (5.76949pt too wide) in paragraph at lines 1728--1730
 [][] 
 []

[236 <./figures/kgdb-path.pdf>] [237] [238]
Overfull \hbox (4.65358pt too wide) in paragraph at lines 1921--1922
[][][][][][][][][][][][][][][][][][][] 
 []

[239] [240] [241] [242]
Overfull \hbox (4.65358pt too wide) in paragraph at lines 2141--2142
[][][][][][][][][][][][][][][][][][][] 
 []

[243]
File: figures/url.png Graphic file (type png)
<use figures/url.png>
Package pdftex.def Info: figures/url.png  used on input line 2214.
(pdftex.def)             Requested size: 33.12231pt x 34.47731pt.
File: figures/src-xref.pdf Graphic file (type pdf)
<use figures/src-xref.pdf>
Package pdftex.def Info: figures/src-xref.pdf  used on input line 2234.
(pdftex.def)             Requested size: 46.57405pt x 46.57405pt.

Overfull \hbox (3.21162pt too wide) in paragraph at lines 2234--2234
[][] 
 []

[244] [245]
<figures/dcache-state.pdf, id=1480, 529.98pt x 332.24126pt>
File: figures/dcache-state.pdf Graphic file (type pdf)
<use figures/dcache-state.pdf>
Package pdftex.def Info: figures/dcache-state.pdf  used on input line 2338.
(pdftex.def)             Requested size: 370.98346pt x 232.56728pt.

Overfull \hbox (9.63347pt too wide) in paragraph at lines 2338--2340
 [][] 
 []


LaTeX Warning: `h' float specifier changed to `ht'.

[246] [247 <./figures/dcache-state.pdf>]
Overfull \hbox (32.60777pt too wide) in paragraph at lines 2434--2436
\T1/ptm/m/n/10 the \T1/pcr/m/n/10 DCACHE_SHRINK_LIST \T1/ptm/m/n/10 flag and mo
ved to the dis-pos-able list (see \T1/pcr/m/n/10 prune_dcache_sb()\T1/ptm/m/n/1
0 ).
 []

[248] [249] [250] [251]
<figures/d-alloc.pdf, id=1517, 505.89pt x 286.06876pt>
File: figures/d-alloc.pdf Graphic file (type pdf)
<use figures/d-alloc.pdf>
Package pdftex.def Info: figures/d-alloc.pdf  used on input line 2652.
(pdftex.def)             Requested size: 354.12057pt x 200.24675pt.

Overfull \hbox (2.8061pt too wide) in paragraph at lines 2658--2660
\T1/ptm/m/n/10 names to be case-insensitive. All other Linux filesys-tems are c
ase-sensitive so "\T1/pcr/m/n/10 filename\T1/ptm/m/n/10 "
 []

[252 <./figures/d-alloc.pdf>]
<figures/dentry-lru-add.pdf, id=1530, 425.59pt x 229.85875pt>
File: figures/dentry-lru-add.pdf Graphic file (type pdf)
<use figures/dentry-lru-add.pdf>
Package pdftex.def Info: figures/dentry-lru-add.pdf  used on input line 2691.
(pdftex.def)             Requested size: 340.47244pt x 183.88722pt.


LaTeX Warning: `h' float specifier changed to `ht'.

[253]
Overfull \hbox (10.76784pt too wide) in paragraph at lines 2723--2724
\T1/ptm/m/it/10 ists\T1/ptm/m/n/10 ". This func-tion calls \T1/pcr/m/n/10 __d_a
dd() \T1/ptm/m/n/10 which in turn calls \T1/pcr/m/n/10 __d_set_inode_and_type()

 []

<figures/d-splice-alias.pdf, id=1535, 338.26375pt x 202.7575pt>
File: figures/d-splice-alias.pdf Graphic file (type pdf)
<use figures/d-splice-alias.pdf>
Package pdftex.def Info: figures/d-splice-alias.pdf  used on input line 2726.
(pdftex.def)             Requested size: 270.61136pt x 162.2062pt.

LaTeX Warning: `h' float specifier changed to `ht'.

<figures/d-instantiate.pdf, id=1536, 403.5075pt x 188.705pt>
File: figures/d-instantiate.pdf Graphic file (type pdf)
<use figures/d-instantiate.pdf>
Package pdftex.def Info: figures/d-instantiate.pdf  used on input line 2743.
(pdftex.def)             Requested size: 322.80644pt x 150.96419pt.

LaTeX Warning: `h' float specifier changed to `ht'.

[254 <./figures/dentry-lru-add.pdf>] [255 <./figures/d-splice-alias.pdf>]
[256 <./figures/d-instantiate.pdf>]
<figures/dcache-prune.pdf, id=1579, 390.45876pt x 269.005pt>
File: figures/dcache-prune.pdf Graphic file (type pdf)
<use figures/dcache-prune.pdf>
Package pdftex.def Info: figures/dcache-prune.pdf  used on input line 2819.
(pdftex.def)             Requested size: 273.31926pt x 188.3022pt.
 [257 <./figures/dcache-prune.pdf>] [258]
[259] [260] [261] [262] [263]
Overfull \hbox (31.29646pt too wide) in paragraph at lines 3236--3237
[]\T1/ptm/b/n/10 Good time to pause. Re-ally need to bet-ter un-der-stand the w
hole phase of link_path_walk()
 []

File: figures/src-xref.pdf Graphic file (type pdf)
<use figures/src-xref.pdf>
Package pdftex.def Info: figures/src-xref.pdf  used on input line 3255.
(pdftex.def)             Requested size: 46.57405pt x 46.57405pt.

Overfull \hbox (3.21162pt too wide) in paragraph at lines 3255--3255
[][] 
 []

[264] [265] [266]
File: figures/src-xref.pdf Graphic file (type pdf)
<use figures/src-xref.pdf>
Package pdftex.def Info: figures/src-xref.pdf  used on input line 3447.
(pdftex.def)             Requested size: 46.57405pt x 46.57405pt.

Overfull \hbox (3.21162pt too wide) in paragraph at lines 3447--3447
[][] 
 []

[267] [268] [269] [270]
Overfull \hbox (47.85402pt too wide) in paragraph at lines 3602--3603
[][][][][][][][][][][][][][][][][][][][][][][][][] 
 []


Overfull \hbox (37.05391pt too wide) in paragraph at lines 3608--3609
[][][][][][][][][][][][][][][][][][][][][][][][][][][] 
 []

File: figures/src-xref.pdf Graphic file (type pdf)
<use figures/src-xref.pdf>
Package pdftex.def Info: figures/src-xref.pdf  used on input line 3635.
(pdftex.def)             Requested size: 46.57405pt x 46.57405pt.

Overfull \hbox (3.21162pt too wide) in paragraph at lines 3635--3635
[][] 
 []

[271]
<figures/vfs-file-read.pdf, id=1639, 469.755pt x 293.095pt>
File: figures/vfs-file-read.pdf Graphic file (type pdf)
<use figures/vfs-file-read.pdf>
Package pdftex.def Info: figures/vfs-file-read.pdf  used on input line 3667.
(pdftex.def)             Requested size: 281.85518pt x 175.85834pt.


LaTeX Warning: `h' float specifier changed to `ht'.

File: figures/src-xref.pdf Graphic file (type pdf)
<use figures/src-xref.pdf>
Package pdftex.def Info: figures/src-xref.pdf  used on input line 3682.
(pdftex.def)             Requested size: 46.57405pt x 46.57405pt.

Overfull \hbox (3.21162pt too wide) in paragraph at lines 3682--3682
[][] 
 []

[272] [273 <./figures/vfs-file-read.pdf>]
Overfull \hbox (9.90814pt too wide) in paragraph at lines 3722--3724
\T1/ptm/m/n/10 their own \T1/pcr/m/n/10 read() \T1/ptm/m/n/10 func-tion and oth
-ers uti-lize the generic \T1/pcr/m/n/10 generic_file_read_iter()
 []


Overfull \hbox (7.63757pt too wide) in paragraph at lines 3753--3753
[]\T1/ptm/b/n/12 The \T1/pcr/b/n/12 new_sync_read() \T1/ptm/b/n/12 and \T1/pcr/
b/n/12 generic_file_read_iter()
 []

[274]
Overfull \hbox (128.85484pt too wide) in paragraph at lines 3775--3776
[][][][][][][][][][][][][][][][][][][][][][][][][][][] 
 []


Overfull \hbox (96.45451pt too wide) in paragraph at lines 3776--3778
[][][][][][][][][][][][][][][][][][][][][][][][][][] 
 []

[275] [276]
File: figures/src-xref.pdf Graphic file (type pdf)
<use figures/src-xref.pdf>
Package pdftex.def Info: figures/src-xref.pdf  used on input line 3916.
(pdftex.def)             Requested size: 46.57405pt x 46.57405pt.

Overfull \hbox (3.21162pt too wide) in paragraph at lines 3916--3916
[][] 
 []


Underfull \hbox (badness 6775) in paragraph at lines 3916--3916
[]\T1/ptm/m/n/9 Much of the proc filesys-tem code can be found un-der \T1/pcr/m
/n/9 fs/proc\T1/ptm/m/n/9 .
 []


Underfull \hbox (badness 2717) in paragraph at lines 3916--3916
\T1/ptm/m/n/9 The code for dis-play-ing the con-tents of \T1/pcr/m/n/9 /proc/fi
lesystems \T1/ptm/m/n/9 is in
 []

[277]
Overfull \hbox (9.77849pt too wide) in paragraph at lines 3976--3977
[]\T1/ptm/m/n/10 A call to \T1/pcr/m/n/10 proc_create_single_data() \T1/ptm/m/n
/10 dif-fers from \T1/pcr/m/n/10 proc_create_single()
 []


Overfull \hbox (10.03696pt too wide) in paragraph at lines 3976--3977
\T1/ptm/m/n/10 in that callers may wish to pass data that is stored in the \T1/
pcr/m/n/10 data \T1/ptm/m/n/10 field of the \T1/pcr/m/n/10 proc_dir_entry
 []


Overfull \hbox (0.62827pt too wide) in paragraph at lines 3980--3981
[]\T1/ptm/m/n/10 Note that you can pass more than a sin-gle name to \T1/pcr/m/n
/10 proc_create_single_data()
 []

[278]
Overfull \hbox (20.85374pt too wide) in paragraph at lines 4034--4035
[][][][][][][][][][][][][][][][][][][][][][][][] 
 []

[279] [280]
Overfull \hbox (11.78859pt too wide) in paragraph at lines 4135--4137
[]\T1/pcr/m/n/10 statfs \T1/ptm/m/n/10 -- called in re-sponse to\T1/pcr/m/n/10 
df(1) \T1/ptm/m/n/10 and \T1/pcr/m/n/10 stat -f \T1/ptm/m/n/10 com-mands. See \
T1/pcr/m/n/10 fs/statfs.c
 []

[281]
Overfull \hbox (41.51791pt too wide) in paragraph at lines 4143--4145
[]\T1/pcr/m/n/10 show_path \T1/ptm/m/n/10 -- as above, this func-tion is called
 by the proc filesys-tem (\T1/pcr/m/n/10 show_mountinfo()\T1/ptm/m/n/10 )
 []

[282] [283] [284]
Overfull \hbox (6.14658pt too wide) in paragraph at lines 4254--4255
\T1/ptm/m/n/10 page cache doc - http://sylab-srv.cs.fiu.edu/lib/exe/fetch.php?m
edia=paperclub:lkd3ch16.pdf 
 []

[285] [286]) [287]
\openout2 = `disk-fs.aux'.

 (./disk-fs.tex [288




]
Chapter 7.
[289]
<figures/fslayout.pdf, id=1715, 642.4pt x 356.33125pt>
File: figures/fslayout.pdf Graphic file (type pdf)
<use figures/fslayout.pdf>
Package pdftex.def Info: figures/fslayout.pdf  used on input line 50.
(pdftex.def)             Requested size: 359.74155pt x 199.54413pt.
 [290]
<figures/module-load.pdf, id=1719, 654.445pt x 735.74875pt>
File: figures/module-load.pdf Graphic file (type pdf)
<use figures/module-load.pdf>
Package pdftex.def Info: figures/module-load.pdf  used on input line 102.
(pdftex.def)             Requested size: 294.49753pt x 331.08388pt.
 [291 <./figures/fslayout.pdf>] [292 <./figures/module-load.pdf>]
<figures/filesystems-available.pdf, id=1750, 522.95375pt x 109.40875pt>
File: figures/filesystems-available.pdf Graphic file (type pdf)
<use figures/filesystems-available.pdf>
Package pdftex.def Info: figures/filesystems-available.pdf  used on input line 
131.
(pdftex.def)             Requested size: 313.77466pt x 65.64574pt.

[293 <./figures/filesystems-available.pdf>]
Overfull \hbox (8.92834pt too wide) in paragraph at lines 154--155
\T1/ptm/m/n/10 enced from the \T1/pcr/m/n/10 super_block \T1/ptm/m/n/10 struc-t
ures as shown in fig-ure 7.4[]. When a \T1/pcr/m/n/10 sp_inode_info
 []

<figures/inode-lru-list.pdf, id=1762, 462.72874pt x 188.705pt>
File: figures/inode-lru-list.pdf Graphic file (type pdf)
<use figures/inode-lru-list.pdf>
Package pdftex.def Info: figures/inode-lru-list.pdf  used on input line 187.
(pdftex.def)             Requested size: 277.63939pt x 113.22386pt.

Underfull \vbox (badness 1755) has occurred while \output is active []

 [294]
[295 <./figures/inode-lru-list.pdf>] [296]
Overfull \hbox (14.9773pt too wide) in paragraph at lines 300--302
\T1/ptm/m/n/10 Getting to a \T1/pcr/m/n/10 dentry \T1/ptm/m/n/10 struc-ture to 
find the file-name re-quires an-other call to \T1/pcr/m/n/10 container_of()
 []

[297] [298] [299]
<figures/sp_fill_super.pdf, id=1792, 443.6575pt x 296.10625pt>
File: figures/sp_fill_super.pdf Graphic file (type pdf)
<use figures/sp_fill_super.pdf>
Package pdftex.def Info: figures/sp_fill_super.pdf  used on input line 489.
(pdftex.def)             Requested size: 266.19655pt x 177.66512pt.
 [300 <./figures/sp_fill_super.pdf>] [301]
Overfull \hbox (17.42807pt too wide) in paragraph at lines 591--593
\T1/ptm/m/n/10 Take no-tice of the ad-dress for the \T1/pcr/m/n/10 super_block 
\T1/ptm/m/n/10 struc-ture passed to \T1/pcr/m/n/10 spfs_fill_super()\T1/ptm/m/n
/10 .
 []


Overfull \hbox (7.07736pt too wide) in paragraph at lines 591--593
\T1/ptm/m/n/10 again. The SPFS su-perblock is ref-er-enced from the \T1/pcr/m/n
/10 s_fs_info \T1/ptm/m/n/10 field of the \T1/pcr/m/n/10 super_block
 []

[302]
Overfull \hbox (47.85402pt too wide) in paragraph at lines 624--625
[][][][][][][][][][][][][][][][][][][][][] 
 []


Overfull \hbox (69.45424pt too wide) in paragraph at lines 626--627
[][][][][][][][][][][][][][][][][][][][][] 
 []

[303]
<figures/create-file.pdf, id=1819, 480.79625pt x 286.06876pt>
File: figures/create-file.pdf Graphic file (type pdf)
<use figures/create-file.pdf>
Package pdftex.def Info: figures/create-file.pdf  used on input line 706.
(pdftex.def)             Requested size: 288.47997pt x 171.64258pt.
 [304 <./figures/create-file.pdf>]
<figures/sp-filldir.pdf, id=1834, 492.84125pt x 341.275pt>
File: figures/sp-filldir.pdf Graphic file (type pdf)
<use figures/sp-filldir.pdf>
Package pdftex.def Info: figures/sp-filldir.pdf  used on input line 738.
(pdftex.def)             Requested size: 295.70702pt x 204.76657pt.
 [305]
Overfull \hbox (58.65413pt too wide) in paragraph at lines 775--776
[][][][][][][][][][][][][][][][][][][][][][][][][][][][][][][][][][][] 
 []


Overfull \hbox (31.65385pt too wide) in paragraph at lines 782--783
[][][][][][][][][][][][][][][][][][][][][][][][][][] 
 []

[306 <./figures/sp-filldir.pdf>] [307] [308] [309]
<figures/mkdir.pdf, id=1866, 582.175pt x 303.1325pt>
File: figures/mkdir.pdf Graphic file (type pdf)
<use figures/mkdir.pdf>
Package pdftex.def Info: figures/mkdir.pdf  used on input line 946.
(pdftex.def)             Requested size: 349.3077pt x 181.8809pt.
 [310 <./figures/mkdir.pdf>]
[311]
<figures/readdir.pdf, id=1887, 484.81125pt x 287.0725pt>
File: figures/readdir.pdf Graphic file (type pdf)
<use figures/readdir.pdf>
Package pdftex.def Info: figures/readdir.pdf  used on input line 1091.
(pdftex.def)             Requested size: 290.88899pt x 172.24483pt.
 [312] [313 <./figures/readdir.pdf>] [314] [315] [316] [317]
Overfull \hbox (4.65358pt too wide) in paragraph at lines 1353--1354
[][][][][][][][][][][][][][][][][][][][][][] 
 []

[318] [319] [320] [321] [322] [323] [324] [325]
Overfull \hbox (4.65254pt too wide) in paragraph at lines 1798--1799
[][][][][][][][][][][]\T1/pcr/b/n/9 __do_sys_unlinkat[][][][][][][] 
 []

[326] [327] [328] [329] [330] [331] [332] [333]
<figures/undelete.pdf, id=1972, 570.13pt x 371.3875pt>
File: figures/undelete.pdf Graphic file (type pdf)
<use figures/undelete.pdf>
Package pdftex.def Info: figures/undelete.pdf  used on input line 2224.
(pdftex.def)             Requested size: 342.08064pt x 222.83421pt.
 [334] [335 <./figures/undelete.pdf>] [336]
File: figures/url.png Graphic file (type png)
<use figures/url.png>
Package pdftex.def Info: figures/url.png  used on input line 2321.
(pdftex.def)             Requested size: 33.12231pt x 34.47731pt.
 [337] [338] [339]) [340]
\openout2 = `fuse-fs.aux'.

 (./fuse-fs.tex
Chapter 8.
File: figures/url.png Graphic file (type png)
<use figures/url.png>
Package pdftex.def Info: figures/url.png  used on input line 28.
(pdftex.def)             Requested size: 33.12231pt x 34.47731pt.
[341




]
File: figures/url.png Graphic file (type png)
<use figures/url.png>
Package pdftex.def Info: figures/url.png  used on input line 43.
(pdftex.def)             Requested size: 33.12231pt x 34.47731pt.
File: figures/src-xref.pdf Graphic file (type pdf)
<use figures/src-xref.pdf>
Package pdftex.def Info: figures/src-xref.pdf  used on input line 60.
(pdftex.def)             Requested size: 46.57405pt x 46.57405pt.

Overfull \hbox (3.21162pt too wide) in paragraph at lines 60--60
[][] 
 []

[342]
Overfull \hbox (1.90834pt too wide) in paragraph at lines 78--80
[]\T1/pcr/m/n/10 include/uapi/linux/fuse.h \T1/ptm/m/n/10 -- This file de-fines
 the ker-nel in-ter-face of FUSE,
 []

[343]
File: figures/url.png Graphic file (type png)
<use figures/url.png>
Package pdftex.def Info: figures/url.png  used on input line 146.
(pdftex.def)             Requested size: 33.12231pt x 34.47731pt.
 [344]
<figures/fuse.pdf, id=2028, 590.205pt x 264.99pt>
File: figures/fuse.pdf Graphic file (type pdf)
<use figures/fuse.pdf>
Package pdftex.def Info: figures/fuse.pdf  used on input line 211.
(pdftex.def)             Requested size: 354.12573pt x 158.99522pt.
 [345] [346 <./figures/fuse.pdf>]
<figures/fuse-structs.pdf, id=2057, 609.27625pt x 386.44376pt>
File: figures/fuse-structs.pdf Graphic file (type pdf)
<use figures/fuse-structs.pdf>
Package pdftex.def Info: figures/fuse-structs.pdf  used on input line 273.
(pdftex.def)             Requested size: 365.56856pt x 231.86804pt.

Overfull \hbox (4.21857pt too wide) in paragraph at lines 273--275
 [][] 
 []

[347 <./figures/fuse-structs.pdf>]
<figures/fuse-startup.pdf, id=2074, 503.8825pt x 497.86pt>
File: figures/fuse-startup.pdf Graphic file (type pdf)
<use figures/fuse-startup.pdf>
Package pdftex.def Info: figures/fuse-startup.pdf  used on input line 306.
(pdftex.def)             Requested size: 302.33183pt x 298.71829pt.


LaTeX Warning: `h' float specifier changed to `ht'.

[348] [349 <./figures/fuse-startup.pdf>]
Overfull \hbox (8.20752pt too wide) in paragraph at lines 369--371
[]\T1/pcr/m/n/10 fusermount() \T1/ptm/m/n/10 makes sure that the FUSE mod-ule i
s loaded then opens \T1/pcr/m/n/10 /dev/fuse
 []


Overfull \hbox (1.34666pt too wide) in paragraph at lines 372--374
\T1/pcr/m/n/10 fuse\T1/ptm/m/n/10 ' ob-ject that stores and main-tains a cached
 im-age of the filesys-tem data. \T1/ptm/b/n/10 XXX---
 []


Overfull \hbox (19.31836pt too wide) in paragraph at lines 374--379
\T1/ptm/m/n/10 tions stored in a '\T1/pcr/m/n/10 struct fuse_operations\T1/ptm/
m/n/10 ' ob-ject be-fore call-ing \T1/pcr/m/n/10 fuse_main()\T1/ptm/m/n/10 .
 []

<figures/libfuse-path-and-structs.pdf, id=2098, 629.35126pt x 366.36874pt>
File: figures/libfuse-path-and-structs.pdf Graphic file (type pdf)
<use figures/libfuse-path-and-structs.pdf>
Package pdftex.def Info: figures/libfuse-path-and-structs.pdf  used on input li
ne 385.
(pdftex.def)             Requested size: 377.61366pt x 219.82294pt.

Overfull \hbox (16.26367pt too wide) in paragraph at lines 385--387
 [][] 
 []


LaTeX Warning: `h' float specifier changed to `ht'.

[350]
Overfull \hbox (45.28699pt too wide) in paragraph at lines 418--419
[]\T1/ptm/m/n/10 When most filesys-tems reg-is-ter they de-clare a \T1/ptm/m/it
/10 mount \T1/ptm/m/n/10 func-tion as part of the \T1/pcr/m/n/10 file_system_ty
pe
 []

[351 <./figures/libfuse-path-and-structs.pdf>]
Overfull \hbox (20.85374pt too wide) in paragraph at lines 427--429
[][][][][][][][][][][][][][][][][][][][][][][][][][][][][][] 
 []


Overfull \hbox (10.05363pt too wide) in paragraph at lines 430--431
[][][][][][][][][][][][][][][][][][][][][][][][] 
 []


Overfull \hbox (20.85374pt too wide) in paragraph at lines 431--432
[][][][][][][][][][][][][][][][][][][][][][] 
 []


Overfull \hbox (10.05363pt too wide) in paragraph at lines 439--441
[][][][][][][][][][][][][][][][][][][][][][][] 
 []


Overfull \hbox (21.9677pt too wide) in paragraph at lines 445--447
\T1/ptm/m/n/10 Let's go ex-plore this some more. The \T1/pcr/m/n/10 fuse \T1/pt
m/m/n/10 filesys-tem de-clares \T1/pcr/m/n/10 fuse_init_fs_context()
 []

[352]
<figures/fuse-flow-to-daemon.pdf, id=2121, 490.83376pt x 544.0325pt>
File: figures/fuse-flow-to-daemon.pdf Graphic file (type pdf)
<use figures/fuse-flow-to-daemon.pdf>
Package pdftex.def Info: figures/fuse-flow-to-daemon.pdf  used on input line 48
6.
(pdftex.def)             Requested size: 343.58128pt x 380.82016pt.
 [353] [354 <./figures/fuse-flow-to-daemon.pdf>] [355]
Overfull \hbox (6.87936pt too wide) in paragraph at lines 604--605
[]\T1/pcr/m/n/10 fuse_get_tree \T1/ptm/m/n/10 -> \T1/pcr/m/n/10 fuse_conn_init(
) \T1/ptm/m/n/10 -> \T1/pcr/m/n/10 fuse_iqueue_init() \T1/ptm/m/n/10 - first fu
nc-
 []


Overfull \hbox (4.65358pt too wide) in paragraph at lines 638--639
[][][][][][][][][][][][][][][][][][][][][][][][][][][][] 
 []

[356]
Overfull \hbox (3.24905pt too wide) in paragraph at lines 676--678
\T1/pcr/m/n/10 fuse_get_tree() \T1/ptm/m/n/10 calls \T1/pcr/m/n/10 fuse_conn_in
it() \T1/ptm/m/n/10 which calls \T1/pcr/m/n/10 fuse_iqueue_init() 
 []


Overfull \hbox (4.65358pt too wide) in paragraph at lines 693--694
[][][][][][][][][][][][][][][][][][][][][] 
 []


Overfull \hbox (20.85374pt too wide) in paragraph at lines 697--698
[][][][][][][][][][][][][][][][][][][][][][][][] 
 []

[357] [358] [359] [360]
Overfull \hbox (17.38704pt too wide) in paragraph at lines 911--912
\T1/ptm/m/n/10 as-so-ci-ated with the ses-sion by call-ing ioctl(worker_fd, FUS
E_DEV_IOC_CLONE,
 []

[361] [362]
Overfull \hbox (16.31877pt too wide) in paragraph at lines 954--955
[]\T1/ptm/m/n/10 The \T1/pcr/m/n/10 fuse_read_interrupt() \T1/ptm/m/n/10 func-t
ion sends a mes-sage of type \T1/pcr/m/n/10 FUSE_INTERRUPT\T1/ptm/m/n/10 .
 []

File: figures/url.png Graphic file (type png)
<use figures/url.png>
Package pdftex.def Info: figures/url.png  used on input line 977.
(pdftex.def)             Requested size: 33.12231pt x 34.47731pt.
[363] [364]
File: figures/url.png Graphic file (type png)
<use figures/url.png>
Package pdftex.def Info: figures/url.png  used on input line 1115.
(pdftex.def)             Requested size: 33.12231pt x 34.47731pt.


LaTeX Warning: `h' float specifier changed to `ht'.

[365] [366] [367] [368]
Overfull \hbox (0.95694pt too wide) in paragraph at lines 1324--1326
\T1/ptm/m/n/10 mount, each time a call is made into pSPFS, FUSE will prepend \T
1/pcr/m/n/10 /home/spate/target\T1/ptm/m/n/10 .
 []

[369] [370] [371]
File: figures/src-xref.pdf Graphic file (type pdf)
<use figures/src-xref.pdf>
Package pdftex.def Info: figures/src-xref.pdf  used on input line 1489.
(pdftex.def)             Requested size: 46.57405pt x 46.57405pt.

Overfull \hbox (3.21162pt too wide) in paragraph at lines 1489--1489
[][] 
 []

[372] [373]
<figures/tfs-fuse.pdf, id=2201, 522.95375pt x 454.69875pt>
File: figures/tfs-fuse.pdf Graphic file (type pdf)
<use figures/tfs-fuse.pdf>
Package pdftex.def Info: figures/tfs-fuse.pdf  used on input line 1577.
(pdftex.def)             Requested size: 313.77466pt x 272.82135pt.


LaTeX Warning: `h' float specifier changed to `ht'.

[374]
Underfull \vbox (badness 1132) has occurred while \output is active []

 [375 <./figures/tfs-fuse.pdf>] [376]
Overfull \hbox (5.21669pt too wide) in paragraph at lines 1689--1691
\T1/ptm/m/n/10 Reading a di-rec-tory is very sim-ple in TFS since only in-for-m
a-tion about "\T1/pcr/m/n/10 file_contents\T1/ptm/m/n/10 "
 []

[377]
File: figures/url.png Graphic file (type png)
<use figures/url.png>
Package pdftex.def Info: figures/url.png  used on input line 1789.
(pdftex.def)             Requested size: 33.12231pt x 34.47731pt.


LaTeX Warning: `h' float specifier changed to `ht'.

[378]
File: figures/url.png Graphic file (type png)
<use figures/url.png>
Package pdftex.def Info: figures/url.png  used on input line 1804.
(pdftex.def)             Requested size: 33.12231pt x 34.47731pt.
 [379] [380]
Overfull \hbox (4.65358pt too wide) in paragraph at lines 1934--1935
[][][][][][][][][][][][][][][][][][][][][][] 
 []

[381]
Overfull \hbox (20.85374pt too wide) in paragraph at lines 1966--1967
[][][][][][][][][][][][][][][][][][][][][][][][][] 
 []


Overfull \hbox (4.65004pt too wide) in paragraph at lines 1974--1975
[][][][][]\T1/pcr/b/n/9 EVP_DecryptInit_ex(ctx, EVP_aes_256_cbc(), NULL, key, i
v); 
 []

[382]
File: figures/url.png Graphic file (type png)
<use figures/url.png>
Package pdftex.def Info: figures/url.png  used on input line 2028.
(pdftex.def)             Requested size: 33.12231pt x 34.47731pt.


LaTeX Warning: Reference `security' on page 383 undefined on input line 2035.


Overfull \hbox (15.45369pt too wide) in paragraph at lines 2055--2056
[][][][][][][][][][][][][][][][][][][][][] 
 []

[383]
Overfull \hbox (15.45369pt too wide) in paragraph at lines 2080--2081
[][][][][][][][][][][][][][][][][][][][][] 
 []

[384]
File: figures/url.png Graphic file (type png)
<use figures/url.png>
Package pdftex.def Info: figures/url.png  used on input line 2154.
(pdftex.def)             Requested size: 33.12231pt x 34.47731pt.
File: figures/url.png Graphic file (type png)
<use figures/url.png>
Package pdftex.def Info: figures/url.png  used on input line 2165.
(pdftex.def)             Requested size: 33.12231pt x 34.47731pt.
File: figures/url.png Graphic file (type png)
<use figures/url.png>
Package pdftex.def Info: figures/url.png  used on input line 2178.
(pdftex.def)             Requested size: 33.12231pt x 34.47731pt.
 [385]) [386]
\openout2 = `debugging.aux'.

 (./debugging.tex
Chapter 9.
[387




] [388] [389] [390]
Overfull \hbox (4.6515pt too wide) in paragraph at lines 205--206
[][][][][][]\T1/pcr/b/n/9 target remote 192.168.192.131:8864[][][][][][][][][][
][][] 
 []

[391]
File: figures/url.png Graphic file (type png)
<use figures/url.png>
Package pdftex.def Info: figures/url.png  used on input line 262.
(pdftex.def)             Requested size: 33.12231pt x 34.47731pt.
 [392] [393] [394]
Underfull \vbox (badness 1810) has occurred while \output is active []

 [395]
[396]
File: figures/url.png Graphic file (type png)
<use figures/url.png>
Package pdftex.def Info: figures/url.png  used on input line 571.
(pdftex.def)             Requested size: 33.12231pt x 34.47731pt.


LaTeX Warning: `h' float specifier changed to `ht'.

[397] [398] [399] [400]
File: figures/url.png Graphic file (type png)
<use figures/url.png>
Package pdftex.def Info: figures/url.png  used on input line 788.
(pdftex.def)             Requested size: 33.12231pt x 34.47731pt.

Overfull \hbox (39.81738pt too wide) in paragraph at lines 801--803
\T1/ptm/m/n/10 Once in-stalled you'll have ac-cess to \T1/pcr/m/n/10 bpftrace \
T1/ptm/m/n/10 you will see about 35 scripts in \T1/pcr/m/n/10 /usr/sbin/*.bt\T1
/ptm/m/n/10 .
 []

[401] [402]
Overfull \hbox (8.58644pt too wide) in paragraph at lines 870--871
\T1/ptm/b/n/10 XXX\T1/ptm/m/n/10 ---be very care-ful when at-tach-ing ops to di
f-fer-ent file types (in-odes). I had page_get_link
 []

[403] [404]
Overfull \hbox (4.65358pt too wide) in paragraph at lines 948--949
[][][][][][][][][][][][][][][] 
 []

[405]
Overfull \hbox (10.05363pt too wide) in paragraph at lines 996--998
[][][][][][][][][][][][][][][][][][][] 
 []

File: figures/url.png Graphic file (type png)
<use figures/url.png>
Package pdftex.def Info: figures/url.png  used on input line 1049.
(pdftex.def)             Requested size: 33.12231pt x 34.47731pt.

LaTeX Warning: `h' float specifier changed to `ht'.

[406] [407]
Overfull \hbox (4.65358pt too wide) in paragraph at lines 1138--1139
[][][][][][][][][][][][][][][][][] 
 []

[408]
File: figures/url.png Graphic file (type png)
<use figures/url.png>
Package pdftex.def Info: figures/url.png  used on input line 1168.
(pdftex.def)             Requested size: 33.12231pt x 34.47731pt.
 [409]) [410]
\openout2 = `security.aux'.

 (./security.tex
Chapter 10.
[411




]
<figures/key-mgt.pdf, id=2330, 518.93875pt x 202.7575pt>
File: figures/key-mgt.pdf Graphic file (type pdf)
<use figures/key-mgt.pdf>
Package pdftex.def Info: figures/key-mgt.pdf  used on input line 34.
(pdftex.def)             Requested size: 311.36565pt x 121.65543pt.
 [412 <./figures/key-mgt.pdf>]
File: figures/url.png Graphic file (type png)
<use figures/url.png>
Package pdftex.def Info: figures/url.png  used on input line 81.
(pdftex.def)             Requested size: 33.12231pt x 34.47731pt.

Underfull \hbox (badness 1424) in paragraph at lines 81--81
[]\T1/ptm/m/n/10 URL 38
 []

[413] [414]
File: figures/url.png Graphic file (type png)
<use figures/url.png>
Package pdftex.def Info: figures/url.png  used on input line 140.
(pdftex.def)             Requested size: 33.12231pt x 34.47731pt.

Overfull \hbox (2.77257pt too wide) in paragraph at lines 140--140
[]\T1/ptm/m/n/10 39 
 []


Underfull \vbox (badness 1418) has occurred while \output is active []

 [415]
[416]
File: figures/url.png Graphic file (type png)
<use figures/url.png>
Package pdftex.def Info: figures/url.png  used on input line 195.
(pdftex.def)             Requested size: 33.12231pt x 34.47731pt.

Overfull \hbox (2.77257pt too wide) in paragraph at lines 195--195
[]\T1/ptm/m/n/10 40 
 []

[417]
File: figures/url.png Graphic file (type png)
<use figures/url.png>
Package pdftex.def Info: figures/url.png  used on input line 234.
(pdftex.def)             Requested size: 33.12231pt x 34.47731pt.

Overfull \hbox (2.77257pt too wide) in paragraph at lines 234--234
[]\T1/ptm/m/n/10 41 
 []


Overfull \hbox (23.19pt too wide) in paragraph at lines 234--234
[]\T1/pcr/m/n/10 https://csrc.nist.gov/publications/sp800 
 []

File: figures/url.png Graphic file (type png)
<use figures/url.png>
Package pdftex.def Info: figures/url.png  used on input line 255.
(pdftex.def)             Requested size: 33.12231pt x 34.47731pt.

Overfull \hbox (2.77257pt too wide) in paragraph at lines 255--255
[]\T1/ptm/m/n/10 42 
 []

[418] [419] [420] [421] [422]
<figures/security.png, id=2382, 470.75874pt x 293.095pt>
File: figures/security.png Graphic file (type png)
<use figures/security.png>
Package pdftex.def Info: figures/security.png  used on input line 472.
(pdftex.def)             Requested size: 235.3788pt x 146.54713pt.
 [423 <./figures/security.png>] [424] [425])
[426] [427]
\openout2 = `performance.aux'.

 (./performance.tex [428




]
Chapter 11.
File: figures/url.png Graphic file (type png)
<use figures/url.png>
Package pdftex.def Info: figures/url.png  used on input line 27.
(pdftex.def)             Requested size: 33.12231pt x 34.47731pt.

Underfull \hbox (badness 1424) in paragraph at lines 27--27
[]\T1/ptm/m/n/10 URL 43
 []


LaTeX Warning: `h' float specifier changed to `ht'.

[429]
File: figures/url.png Graphic file (type png)
<use figures/url.png>
Package pdftex.def Info: figures/url.png  used on input line 85.
(pdftex.def)             Requested size: 33.12231pt x 34.47731pt.

Underfull \hbox (badness 1424) in paragraph at lines 85--85
[]\T1/ptm/m/n/10 URL 44
 []


LaTeX Warning: `h' float specifier changed to `ht'.

[430] [431]
File: figures/url.png Graphic file (type png)
<use figures/url.png>
Package pdftex.def Info: figures/url.png  used on input line 154.
(pdftex.def)             Requested size: 33.12231pt x 34.47731pt.
File: figures/url.png Graphic file (type png)
<use figures/url.png>
Package pdftex.def Info: figures/url.png  used on input line 162.
(pdftex.def)             Requested size: 33.12231pt x 34.47731pt.
<figures/eBPF.pdf, id=2412, 526.96875pt x 285.065pt>
File: figures/eBPF.pdf Graphic file (type pdf)
<use figures/eBPF.pdf>
Package pdftex.def Info: figures/eBPF.pdf  used on input line 174.
(pdftex.def)             Requested size: 316.18369pt x 171.04031pt.
File: figures/url.png Graphic file (type png)
<use figures/url.png>
Package pdftex.def Info: figures/url.png  used on input line 188.
(pdftex.def)             Requested size: 33.12231pt x 34.47731pt.
 [432]
File: figures/url.png Graphic file (type png)
<use figures/url.png>
Package pdftex.def Info: figures/url.png  used on input line 205.
(pdftex.def)             Requested size: 33.12231pt x 34.47731pt.
 [433 <./figures/eBPF.pdf>]
File: figures/url.png Graphic file (type png)
<use figures/url.png>
Package pdftex.def Info: figures/url.png  used on input line 263.
(pdftex.def)             Requested size: 33.12231pt x 34.47731pt.
) [434]
\openout2 = `case-studies.aux'.

 (./case-studies.tex
Chapter 12.
[435




] [436]
File: figures/src-xref.pdf Graphic file (type pdf)
<use figures/src-xref.pdf>
Package pdftex.def Info: figures/src-xref.pdf  used on input line 134.
(pdftex.def)             Requested size: 46.57405pt x 46.57405pt.

Overfull \hbox (3.21162pt too wide) in paragraph at lines 134--134
[][] 
 []


LaTeX Warning: `h' float specifier changed to `ht'.

[437]
Overfull \hbox (4.65358pt too wide) in paragraph at lines 161--162
[][][][][][][][][][][][][][][][][][][][][][] 
 []

<figures/xfs-allocation-group.pdf, id=2443, 412.54124pt x 234.8775pt>
File: figures/xfs-allocation-group.pdf Graphic file (type pdf)
<use figures/xfs-allocation-group.pdf>
Package pdftex.def Info: figures/xfs-allocation-group.pdf  used on input line 1
80.
(pdftex.def)             Requested size: 247.52666pt x 140.92758pt.

LaTeX Warning: `h' float specifier changed to `ht'.

<figures/xfs-superblock.pdf, id=2444, 469.755pt x 189.70876pt>
File: figures/xfs-superblock.pdf Graphic file (type pdf)
<use figures/xfs-superblock.pdf>
Package pdftex.def Info: figures/xfs-superblock.pdf  used on input line 201.
(pdftex.def)             Requested size: 281.85518pt x 113.82613pt.

LaTeX Warning: `h' float specifier changed to `ht'.

[438] [439 <./figures/xfs-allocation-group.pdf> <./figures/xfs-superblock.pdf>]
[440]) [441]
\openout2 = `forensics.aux'.

 (./forensics.tex [442




]
Chapter 13.
) [443]
\openout2 = `bibliography.aux'.

 (./bibliography.tex [444




]) [445]
\openout2 = `index.aux'.

 (./index.tex [446




]
Overfull \hbox (3.59406pt too wide) in paragraph at lines 160--161
[]| \T1/ptm/m/n/10 build-ing a ker-nel with kdgb sup-port, xxx 
 []

[447] [448] [449

]) (./book.aux (./intro-fs.aux) (./programming-fs.aux)
(./filesystems.aux) (./kernel-structures.aux) (./types.aux)
(./vfs-interface.aux) (./disk-fs.aux) (./fuse-fs.aux) (./debugging.aux)
(./security.aux) (./performance.aux) (./case-studies.aux) (./forensics.aux)
(./bibliography.aux) (./index.aux))

LaTeX Warning: There were undefined references.


LaTeX Warning: There were multiply-defined labels.

 ) 
Here is how much of TeX's memory you used:
 6887 strings out of 478268
 116278 string characters out of 5846346
 454486 words of memory out of 5000000
 24832 multiletter control sequences out of 15000+600000
 522216 words of font info for 82 fonts, out of 8000000 for 9000
 1141 hyphenation exceptions out of 8191
 55i,17n,62p,1559b,1767s stack positions out of 10000i,1000n,20000p,200000b,200000s
{/usr/local/texlive/2022/texmf-dist/fonts/enc/dvips/base/8r.enc}</usr/local/t
exlive/2022/texmf-dist/fonts/type1/public/amsfonts/cm/cmsy10.pfb></usr/local/te
xlive/2022/texmf-dist/fonts/type1/public/amsfonts/cm/cmsy9.pfb></usr/local/texl
ive/2022/texmf-dist/fonts/type1/urw/courier/ucrb8a.pfb></usr/local/texlive/2022
/texmf-dist/fonts/type1/urw/courier/ucrr8a.pfb></usr/local/texlive/2022/texmf-d
ist/fonts/type1/urw/courier/ucrro8a.pfb></usr/local/texlive/2022/texmf-dist/fon
ts/type1/urw/times/utmb8a.pfb></usr/local/texlive/2022/texmf-dist/fonts/type1/u
rw/times/utmbi8a.pfb></usr/local/texlive/2022/texmf-dist/fonts/type1/urw/times/
utmr8a.pfb></usr/local/texlive/2022/texmf-dist/fonts/type1/urw/times/utmri8a.pf
b>
Output written on book.pdf (449 pages, 4699649 bytes).
PDF statistics:
 2553 PDF objects out of 2984 (max. 8388607)
 1611 compressed objects within 17 object streams
 0 named destinations out of 1000 (max. 500000)
 436 words of extra memory for PDF output out of 10000 (max. 10000000)

