This is pdfTeX, Version 3.141592653-2.6-1.40.24 (TeX Live 2022) (preloaded format=pdflatex 2022.10.26)  14 DEC 2022 15:30
entering extended mode
 restricted \write18 enabled.
 file:line:error style messages enabled.
 %&-line parsing enabled.
**Grammar
(./Grammar
LaTeX2e <2021-11-15> patch level 1
L3 programming layer <2022-02-24>

./Grammar:5: LaTeX Error: Environment lstlisting undefined.

See the LaTeX manual or LaTeX Companion for explanation.
Type  H <return>  for immediate help.
 ...                                              
                                                  
l.5 \begin{lstlisting}
                      
? 
./Grammar:5: Emergency stop.
 ...                                              
                                                  
l.5 \begin{lstlisting}
                      
Your command was ignored.
Type  I <command> <return>  to replace it with another command,
or  <return>  to continue without it.

 
Here is how much of TeX's memory you used:
 17 strings out of 478268
 516 string characters out of 5846346
 289381 words of memory out of 5000000
 18325 multiletter control sequences out of 15000+600000
 469259 words of font info for 28 fonts, out of 8000000 for 9000
 1141 hyphenation exceptions out of 8191
 13i,0n,12p,57b,16s stack positions out of 10000i,1000n,20000p,200000b,200000s
./Grammar:5:  ==> Fatal error occurred, no output PDF file produced!
