This is pdfTeX, Version 3.141592653-2.6-1.40.24 (TeX Live 2022) (preloaded format=pdflatex 2022.10.26)  4 AUG 2023 16:22
entering extended mode
 restricted \write18 enabled.
 file:line:error style messages enabled.
 %&-line parsing enabled.
**programming-fs.tex
(./programming-fs.tex
LaTeX2e <2021-11-15> patch level 1
L3 programming layer <2022-02-24>
./programming-fs.tex:1: Undefined control sequence.
l.1 \chapter
            {File and Filesystem Programming}
? 
./programming-fs.tex:1: Emergency stop.
l.1 
    
End of file on the terminal!

 
Here is how much of TeX's memory you used:
 16 strings out of 478268
 411 string characters out of 5846346
 289381 words of memory out of 5000000
 18325 multiletter control sequences out of 15000+600000
 469259 words of font info for 28 fonts, out of 8000000 for 9000
 1141 hyphenation exceptions out of 8191
 13i,0n,12p,91b,10s stack positions out of 10000i,1000n,20000p,200000b,200000s
./programming-fs.tex:1:  ==> Fatal error occurred, no output PDF file produced!

